#
# There is insufficient memory for the Java Runtime Environment to continue.
# Native memory allocation (malloc) failed to allocate 1063536 bytes for Chunk::new
# Possible reasons:
#   The system is out of physical RAM or swap space
#   The process is running with CompressedOops enabled, and the Java Heap may be blocking the growth of the native heap
# Possible solutions:
#   Reduce memory load on the system
#   Increase physical memory or swap space
#   Check if swap backing store is full
#   Decrease Java heap size (-Xmx/-Xms)
#   Decrease number of Java threads
#   Decrease Java thread stack sizes (-Xss)
#   Set larger code cache with -XX:ReservedCodeCacheSize=
#   JVM is running with Unscaled Compressed Oops mode in which the Java heap is
#     placed in the first 4GB address space. The Java Heap base address is the
#     maximum limit for the native heap growth. Please use -XX:HeapBaseMinAddress
#     to set the Java Heap base and to place the Java Heap above 4GB virtual address.
# This output file may be truncated or incomplete.
#
#  Out of Memory Error (./open/src/hotspot/share/memory/arena.cpp:195), pid=12044, tid=11092
#
# JRE version: Java(TM) SE Runtime Environment (15.0+36) (build 15+36-1562)
# Java VM: Java HotSpot(TM) 64-Bit Server VM (15+36-1562, mixed mode, sharing, tiered, compressed oops, g1 gc, windows-amd64)
# No core dump will be written. Minidumps are not enabled by default on client versions of Windows
#

---------------  S U M M A R Y ------------

Command Line: --add-opens=java.base/java.util=ALL-UNNAMED --add-opens=java.base/java.lang=ALL-UNNAMED --add-opens=java.base/java.lang.invoke=ALL-UNNAMED --add-opens=java.prefs/java.util.prefs=ALL-UNNAMED -XX:MaxMetaspaceSize=256m -XX:+HeapDumpOnOutOfMemoryError -Xms256m -Xmx512m -Dfile.encoding=windows-1251 -Duser.country=RU -Duser.language=ru -Duser.variant org.gradle.launcher.daemon.bootstrap.GradleDaemon 6.7

Host: AMD FX(tm)-8300 Eight-Core Processor           , 8 cores, 7G,  Windows 10 , 64 bit Build 18362 (10.0.18362.329)
Time: Wed Mar 10 00:52:56 2021 Aeoaeneia noaiaa?oiia a?aiy elapsed time: 8757.693828 seconds (0d 2h 25m 57s)

---------------  T H R E A D  ---------------

Current thread (0x000001bd32cabff0):  JavaThread "C2 CompilerThread1" daemon [_thread_in_native, id=11092, stack(0x0000000737f00000,0x0000000738000000)]


Current CompileTask:
C2:8757693 19237   !   4       org.gradle.cache.internal.LockOnDemandCrossProcessCacheAccess::incrementLockCount (193 bytes)

Stack: [0x0000000737f00000,0x0000000738000000]
Native frames: (J=compiled Java code, j=interpreted, Vv=VM code, C=native code)
V  [jvm.dll+0x629eaa]
V  [jvm.dll+0x780379]
V  [jvm.dll+0x781ad3]
V  [jvm.dll+0x782133]
V  [jvm.dll+0x2159d5]
V  [jvm.dll+0x9794a]
V  [jvm.dll+0x9802c]
V  [jvm.dll+0x27992f]
V  [jvm.dll+0x53faf4]
V  [jvm.dll+0x1f27f4]
V  [jvm.dll+0x1ec1c1]
V  [jvm.dll+0x1e8f37]
V  [jvm.dll+0x177f17]
V  [jvm.dll+0x1f88f5]
V  [jvm.dll+0x1f699c]
V  [jvm.dll+0x74384d]
V  [jvm.dll+0x73c64a]
V  [jvm.dll+0x628d16]
C  [ucrtbase.dll+0x20e72]
C  [KERNEL32.DLL+0x17bd4]
C  [ntdll.dll+0x6ced1]


---------------  P R O C E S S  ---------------

Threads class SMR info:
_java_thread_list=0x000001bd3725d3c0, length=28, elements={
0x000001bd11c47320, 0x000001bd2ee0b6f0, 0x000001bd2ee0c970, 0x000001bd2ee299f0,
0x000001bd2ee2c3c0, 0x000001bd2ee2d930, 0x000001bd2ee331a0, 0x000001bd2ee38310,
0x000001bd2ee3d030, 0x000001bd2f875580, 0x000001bd2f8da1b0, 0x000001bd31795200,
0x000001bd309f8880, 0x000001bd31178970, 0x000001bd30eceb20, 0x000001bd30eceff0,
0x000001bd30ecfe60, 0x000001bd31ac8600, 0x000001bd31ac2a90, 0x000001bd31ac8ad0,
0x000001bd31f047c0, 0x000001bd31efec50, 0x000001bd31efe2b0, 0x000001bd32cabff0,
0x000001bd3180dad0, 0x000001bd31808900, 0x000001bd3180d600, 0x000001bd31808dd0
}

Java Threads: ( => current thread )
  0x000001bd11c47320 JavaThread "main" [_thread_blocked, id=6368, stack(0x0000000733f00000,0x0000000734000000)]
  0x000001bd2ee0b6f0 JavaThread "Reference Handler" daemon [_thread_blocked, id=7516, stack(0x0000000734600000,0x0000000734700000)]
  0x000001bd2ee0c970 JavaThread "Finalizer" daemon [_thread_blocked, id=12524, stack(0x0000000734700000,0x0000000734800000)]
  0x000001bd2ee299f0 JavaThread "Signal Dispatcher" daemon [_thread_blocked, id=12040, stack(0x0000000734800000,0x0000000734900000)]
  0x000001bd2ee2c3c0 JavaThread "Attach Listener" daemon [_thread_blocked, id=3188, stack(0x0000000734900000,0x0000000734a00000)]
  0x000001bd2ee2d930 JavaThread "Service Thread" daemon [_thread_blocked, id=2596, stack(0x0000000734a00000,0x0000000734b00000)]
  0x000001bd2ee331a0 JavaThread "C2 CompilerThread0" daemon [_thread_blocked, id=228, stack(0x0000000734b00000,0x0000000734c00000)]
  0x000001bd2ee38310 JavaThread "C1 CompilerThread0" daemon [_thread_blocked, id=11528, stack(0x0000000734c00000,0x0000000734d00000)]
  0x000001bd2ee3d030 JavaThread "Sweeper thread" daemon [_thread_blocked, id=12676, stack(0x0000000734d00000,0x0000000734e00000)]
  0x000001bd2f875580 JavaThread "Common-Cleaner" daemon [_thread_blocked, id=12712, stack(0x0000000734e00000,0x0000000734f00000)]
  0x000001bd2f8da1b0 JavaThread "Notification Thread" daemon [_thread_blocked, id=2880, stack(0x0000000734f00000,0x0000000735000000)]
  0x000001bd31795200 JavaThread "Daemon health stats" [_thread_blocked, id=2680, stack(0x0000000735800000,0x0000000735900000)]
  0x000001bd309f8880 JavaThread "Incoming local TCP Connector on port 53135" [_thread_in_native, id=2824, stack(0x0000000735b00000,0x0000000735c00000)]
  0x000001bd31178970 JavaThread "Daemon periodic checks" [_thread_blocked, id=12476, stack(0x0000000735c00000,0x0000000735d00000)]
  0x000001bd30eceb20 JavaThread "Cache worker for file hash cache (C:\Users\Konstantin\.gradle\caches\6.7\fileHashes)" [_thread_blocked, id=6536, stack(0x0000000735100000,0x0000000735200000)]
  0x000001bd30eceff0 JavaThread "File lock request listener" [_thread_in_native, id=8872, stack(0x0000000735200000,0x0000000735300000)]
  0x000001bd30ecfe60 JavaThread "Cache worker for journal cache (C:\Users\Konstantin\.gradle\caches\journal-1)" [_thread_blocked, id=164, stack(0x0000000736400000,0x0000000736500000)]
  0x000001bd31ac8600 JavaThread "Cache worker for execution history cache (C:\Users\Konstantin\.gradle\caches\6.7\executionHistory)" [_thread_blocked, id=9988, stack(0x0000000736a00000,0x0000000736b00000)]
  0x000001bd31ac2a90 JavaThread "Cache worker for file content cache (C:\Users\Konstantin\.gradle\caches\6.7\fileContent)" [_thread_blocked, id=4692, stack(0x0000000736800000,0x0000000736900000)]
  0x000001bd31ac8ad0 JavaThread "Memory manager" [_thread_blocked, id=3440, stack(0x0000000737100000,0x0000000737200000)]
  0x000001bd31f047c0 JavaThread "Cache worker for Java compile cache (C:\Users\Konstantin\.gradle\caches\6.7\javaCompile)" [_thread_blocked, id=12600, stack(0x0000000738300000,0x0000000738400000)]
  0x000001bd31efec50 JavaThread "Daemon Thread 23" [_thread_blocked, id=12372, stack(0x0000000733d00000,0x0000000733e00000)]
  0x000001bd31efe2b0 JavaThread "Daemon worker Thread 23" [_thread_blocked, id=8976, stack(0x0000000735e00000,0x0000000735f00000)]
=>0x000001bd32cabff0 JavaThread "C2 CompilerThread1" daemon [_thread_in_native, id=11092, stack(0x0000000737f00000,0x0000000738000000)]
  0x000001bd3180dad0 JavaThread "Exec process Thread 81" [_thread_blocked, id=3420, stack(0x0000000738100000,0x0000000738200000)]
  0x000001bd31808900 JavaThread "Exec process Thread 82" [_thread_blocked, id=12232, stack(0x0000000738400000,0x0000000738500000)]
  0x000001bd3180d600 JavaThread "Exec process Thread 83" [_thread_blocked, id=3332, stack(0x0000000738500000,0x0000000738600000)]
  0x000001bd31808dd0 JavaThread "Exec process Thread 84" [_thread_blocked, id=9468, stack(0x0000000738600000,0x0000000738700000)]

Other Threads:
  0x000001bd2ee047a0 VMThread "VM Thread" [stack: 0x0000000734500000,0x0000000734600000] [id=1380]
  0x000001bd2f8de2d0 WatcherThread [stack: 0x0000000735000000,0x0000000735100000] [id=5812]
  0x000001bd11c6d750 GCTaskThread "GC Thread#0" [stack: 0x0000000734000000,0x0000000734100000] [id=8652]
  0x000001bd2fc61fa0 GCTaskThread "GC Thread#1" [stack: 0x0000000735300000,0x0000000735400000] [id=12700]
  0x000001bd2fc63920 GCTaskThread "GC Thread#2" [stack: 0x0000000735400000,0x0000000735500000] [id=12992]
  0x000001bd2fc655d0 GCTaskThread "GC Thread#3" [stack: 0x0000000735500000,0x0000000735600000] [id=12736]
  0x000001bd2fc652a0 GCTaskThread "GC Thread#4" [stack: 0x0000000735600000,0x0000000735700000] [id=9840]
  0x000001bd2fc64910 GCTaskThread "GC Thread#5" [stack: 0x0000000735700000,0x0000000735800000] [id=4516]
  0x000001bd2fc62f90 GCTaskThread "GC Thread#6" [stack: 0x0000000736b00000,0x0000000736c00000] [id=412]
  0x000001bd2fc642b0 GCTaskThread "GC Thread#7" [stack: 0x0000000736c00000,0x0000000736d00000] [id=13036]
  0x000001bd11c72930 ConcurrentGCThread "G1 Main Marker" [stack: 0x0000000734100000,0x0000000734200000] [id=6172]
  0x000001bd11c73c50 ConcurrentGCThread "G1 Conc#0" [stack: 0x0000000734200000,0x0000000734300000] [id=8508]
  0x000001bd2fc632c0 ConcurrentGCThread "G1 Conc#1" [stack: 0x0000000736d00000,0x0000000736e00000] [id=13044]
  0x000001bd11d0e230 ConcurrentGCThread "G1 Refine#0" [stack: 0x0000000734300000,0x0000000734400000] [id=3372]
  0x000001bd31d01eb0 ConcurrentGCThread "G1 Refine#1" [stack: 0x0000000736f00000,0x0000000737000000] [id=12852]
  0x000001bd3427f7f0 ConcurrentGCThread "G1 Refine#2" [stack: 0x0000000733c00000,0x0000000733d00000] [id=6032]
  0x000001bd2ecb20d0 ConcurrentGCThread "G1 Young RemSet Sampling" [stack: 0x0000000734400000,0x0000000734500000] [id=4348]

Threads with active compile tasks:
C2 CompilerThread1  8757828 19237   !   4       org.gradle.cache.internal.LockOnDemandCrossProcessCacheAccess::incrementLockCount (193 bytes)

VM state: not at safepoint (normal execution)

VM Mutex/Monitor currently owned by a thread: None

Heap address: 0x00000000e0000000, size: 512 MB, Compressed Oops mode: 32-bit
CDS archive(s) mapped at: [0x0000000800000000-0x0000000800b50000-0x0000000800b50000), size 11862016, SharedBaseAddress: 0x0000000800000000, ArchiveRelocationMode: 0.
Compressed class space mapped at: 0x0000000800b50000-0x0000000810350000, size: 260046848
Narrow klass base: 0x0000000800000000, Narrow klass shift: 3, Narrow klass range: 0x100000000

GC Precious Log:
 CPUs: 8 total, 8 available
 Memory: 8105M
 Large Page Support: Disabled
 NUMA Support: Disabled
 Compressed Oops: Enabled (32-bit)
 Heap Region Size: 1M
 Heap Min Capacity: 256M
 Heap Initial Capacity: 256M
 Heap Max Capacity: 512M
 Pre-touch: Disabled
 Parallel Workers: 8
 Concurrent Workers: 2
 Concurrent Refinement Workers: 8
 Periodic GC: Disabled

Heap:
 garbage-first heap   total 262144K, used 146957K [0x00000000e0000000, 0x0000000100000000)
  region size 1024K, 71 young (72704K), 4 survivors (4096K)
 Metaspace       used 83422K, capacity 85818K, committed 85968K, reserved 329728K
  class space    used 10111K, capacity 10759K, committed 10880K, reserved 253952K

Heap Regions: E=young(eden), S=young(survivor), O=old, HS=humongous(starts), HC=humongous(continues), CS=collection set, F=free, OA=open archive, CA=closed archive, TAMS=top-at-mark-start (previous, next)
|   0|0x00000000e0000000, 0x00000000e0100000, 0x00000000e0100000|100%| O|  |TAMS 0x00000000e0100000, 0x00000000e0000000| Untracked 
|   1|0x00000000e0100000, 0x00000000e0200000, 0x00000000e0200000|100%| O|  |TAMS 0x00000000e0200000, 0x00000000e0100000| Untracked 
|   2|0x00000000e0200000, 0x00000000e0300000, 0x00000000e0300000|100%| O|  |TAMS 0x00000000e0300000, 0x00000000e0200000| Untracked 
|   3|0x00000000e0300000, 0x00000000e0400000, 0x00000000e0400000|100%|HS|  |TAMS 0x00000000e0400000, 0x00000000e0300000| Complete 
|   4|0x00000000e0400000, 0x00000000e0500000, 0x00000000e0500000|100%|HC|  |TAMS 0x00000000e0500000, 0x00000000e0400000| Complete 
|   5|0x00000000e0500000, 0x00000000e0600000, 0x00000000e0600000|100%|HC|  |TAMS 0x00000000e0600000, 0x00000000e0500000| Complete 
|   6|0x00000000e0600000, 0x00000000e0700000, 0x00000000e0700000|100%| O|  |TAMS 0x00000000e0700000, 0x00000000e0600000| Untracked 
|   7|0x00000000e0700000, 0x00000000e0800000, 0x00000000e0800000|100%| O|  |TAMS 0x00000000e0800000, 0x00000000e0700000| Untracked 
|   8|0x00000000e0800000, 0x00000000e0900000, 0x00000000e0900000|100%| O|  |TAMS 0x00000000e0900000, 0x00000000e0800000| Untracked 
|   9|0x00000000e0900000, 0x00000000e0a00000, 0x00000000e0a00000|100%| O|  |TAMS 0x00000000e0a00000, 0x00000000e0900000| Untracked 
|  10|0x00000000e0a00000, 0x00000000e0b00000, 0x00000000e0b00000|100%| O|  |TAMS 0x00000000e0b00000, 0x00000000e0a00000| Untracked 
|  11|0x00000000e0b00000, 0x00000000e0c00000, 0x00000000e0c00000|100%| O|  |TAMS 0x00000000e0c00000, 0x00000000e0b00000| Untracked 
|  12|0x00000000e0c00000, 0x00000000e0d00000, 0x00000000e0d00000|100%| O|  |TAMS 0x00000000e0d00000, 0x00000000e0c00000| Untracked 
|  13|0x00000000e0d00000, 0x00000000e0e00000, 0x00000000e0e00000|100%| O|  |TAMS 0x00000000e0e00000, 0x00000000e0d00000| Untracked 
|  14|0x00000000e0e00000, 0x00000000e0f00000, 0x00000000e0f00000|100%| O|  |TAMS 0x00000000e0f00000, 0x00000000e0e00000| Untracked 
|  15|0x00000000e0f00000, 0x00000000e1000000, 0x00000000e1000000|100%| O|  |TAMS 0x00000000e1000000, 0x00000000e0f00000| Untracked 
|  16|0x00000000e1000000, 0x00000000e1100000, 0x00000000e1100000|100%| O|  |TAMS 0x00000000e1100000, 0x00000000e1000000| Untracked 
|  17|0x00000000e1100000, 0x00000000e1200000, 0x00000000e1200000|100%| O|  |TAMS 0x00000000e1200000, 0x00000000e1100000| Untracked 
|  18|0x00000000e1200000, 0x00000000e1300000, 0x00000000e1300000|100%| O|  |TAMS 0x00000000e1300000, 0x00000000e1200000| Untracked 
|  19|0x00000000e1300000, 0x00000000e1400000, 0x00000000e1400000|100%| O|  |TAMS 0x00000000e1400000, 0x00000000e1300000| Untracked 
|  20|0x00000000e1400000, 0x00000000e1500000, 0x00000000e1500000|100%| O|  |TAMS 0x00000000e1500000, 0x00000000e1400000| Untracked 
|  21|0x00000000e1500000, 0x00000000e1600000, 0x00000000e1600000|100%| O|  |TAMS 0x00000000e1600000, 0x00000000e1500000| Untracked 
|  22|0x00000000e1600000, 0x00000000e1700000, 0x00000000e1700000|100%| O|  |TAMS 0x00000000e1700000, 0x00000000e1600000| Untracked 
|  23|0x00000000e1700000, 0x00000000e1800000, 0x00000000e1800000|100%| O|  |TAMS 0x00000000e1800000, 0x00000000e1700000| Untracked 
|  24|0x00000000e1800000, 0x00000000e1900000, 0x00000000e1900000|100%| O|  |TAMS 0x00000000e1900000, 0x00000000e1800000| Untracked 
|  25|0x00000000e1900000, 0x00000000e1a00000, 0x00000000e1a00000|100%| O|  |TAMS 0x00000000e1a00000, 0x00000000e1900000| Untracked 
|  26|0x00000000e1a00000, 0x00000000e1b00000, 0x00000000e1b00000|100%| O|  |TAMS 0x00000000e1b00000, 0x00000000e1a00000| Untracked 
|  27|0x00000000e1b00000, 0x00000000e1c00000, 0x00000000e1c00000|100%| O|  |TAMS 0x00000000e1c00000, 0x00000000e1b00000| Untracked 
|  28|0x00000000e1c00000, 0x00000000e1d00000, 0x00000000e1d00000|100%| O|  |TAMS 0x00000000e1d00000, 0x00000000e1c00000| Untracked 
|  29|0x00000000e1d00000, 0x00000000e1e00000, 0x00000000e1e00000|100%| O|  |TAMS 0x00000000e1e00000, 0x00000000e1d00000| Untracked 
|  30|0x00000000e1e00000, 0x00000000e1f00000, 0x00000000e1f00000|100%| O|  |TAMS 0x00000000e1f00000, 0x00000000e1e00000| Untracked 
|  31|0x00000000e1f00000, 0x00000000e2000000, 0x00000000e2000000|100%| O|  |TAMS 0x00000000e2000000, 0x00000000e1f00000| Untracked 
|  32|0x00000000e2000000, 0x00000000e2100000, 0x00000000e2100000|100%| O|  |TAMS 0x00000000e2100000, 0x00000000e2000000| Untracked 
|  33|0x00000000e2100000, 0x00000000e2200000, 0x00000000e2200000|100%| O|  |TAMS 0x00000000e2200000, 0x00000000e2100000| Untracked 
|  34|0x00000000e2200000, 0x00000000e2300000, 0x00000000e2300000|100%| O|  |TAMS 0x00000000e2300000, 0x00000000e2200000| Untracked 
|  35|0x00000000e2300000, 0x00000000e2400000, 0x00000000e2400000|100%| O|  |TAMS 0x00000000e2352600, 0x00000000e2300000| Untracked 
|  36|0x00000000e2400000, 0x00000000e2500000, 0x00000000e2500000|100%|HS|  |TAMS 0x00000000e2400000, 0x00000000e2400000| Complete 
|  37|0x00000000e2500000, 0x00000000e2600000, 0x00000000e2600000|100%|HC|  |TAMS 0x00000000e2500000, 0x00000000e2500000| Complete 
|  38|0x00000000e2600000, 0x00000000e2700000, 0x00000000e2700000|100%|HS|  |TAMS 0x00000000e2600000, 0x00000000e2600000| Complete 
|  39|0x00000000e2700000, 0x00000000e2800000, 0x00000000e2800000|100%|HC|  |TAMS 0x00000000e2700000, 0x00000000e2700000| Complete 
|  40|0x00000000e2800000, 0x00000000e2900000, 0x00000000e2900000|100%|HC|  |TAMS 0x00000000e2800000, 0x00000000e2800000| Complete 
|  41|0x00000000e2900000, 0x00000000e2a00000, 0x00000000e2a00000|100%|HS|  |TAMS 0x00000000e2900000, 0x00000000e2900000| Complete 
|  42|0x00000000e2a00000, 0x00000000e2b00000, 0x00000000e2b00000|100%|HC|  |TAMS 0x00000000e2a00000, 0x00000000e2a00000| Complete 
|  43|0x00000000e2b00000, 0x00000000e2c00000, 0x00000000e2c00000|100%|HC|  |TAMS 0x00000000e2b00000, 0x00000000e2b00000| Complete 
|  44|0x00000000e2c00000, 0x00000000e2d00000, 0x00000000e2d00000|100%|HC|  |TAMS 0x00000000e2c00000, 0x00000000e2c00000| Complete 
|  45|0x00000000e2d00000, 0x00000000e2e00000, 0x00000000e2e00000|100%|HS|  |TAMS 0x00000000e2d00000, 0x00000000e2d00000| Complete 
|  46|0x00000000e2e00000, 0x00000000e2f00000, 0x00000000e2f00000|100%|HC|  |TAMS 0x00000000e2e00000, 0x00000000e2e00000| Complete 
|  47|0x00000000e2f00000, 0x00000000e3000000, 0x00000000e3000000|100%|HC|  |TAMS 0x00000000e2f00000, 0x00000000e2f00000| Complete 
|  48|0x00000000e3000000, 0x00000000e3100000, 0x00000000e3100000|100%|HS|  |TAMS 0x00000000e3000000, 0x00000000e3000000| Complete 
|  49|0x00000000e3100000, 0x00000000e3200000, 0x00000000e3200000|100%|HC|  |TAMS 0x00000000e3100000, 0x00000000e3100000| Complete 
|  50|0x00000000e3200000, 0x00000000e3300000, 0x00000000e3300000|100%|HC|  |TAMS 0x00000000e3200000, 0x00000000e3200000| Complete 
|  51|0x00000000e3300000, 0x00000000e3400000, 0x00000000e3400000|100%|HC|  |TAMS 0x00000000e3300000, 0x00000000e3300000| Complete 
|  52|0x00000000e3400000, 0x00000000e3500000, 0x00000000e3500000|100%| O|  |TAMS 0x00000000e3400000, 0x00000000e3400000| Untracked 
|  53|0x00000000e3500000, 0x00000000e3600000, 0x00000000e3600000|100%| O|  |TAMS 0x00000000e3500000, 0x00000000e3500000| Untracked 
|  54|0x00000000e3600000, 0x00000000e3700000, 0x00000000e3700000|100%| O|  |TAMS 0x00000000e3600000, 0x00000000e3600000| Untracked 
|  55|0x00000000e3700000, 0x00000000e3800000, 0x00000000e3800000|100%| O|  |TAMS 0x00000000e3700000, 0x00000000e3700000| Untracked 
|  56|0x00000000e3800000, 0x00000000e3900000, 0x00000000e3900000|100%| O|  |TAMS 0x00000000e3800000, 0x00000000e3800000| Untracked 
|  57|0x00000000e3900000, 0x00000000e3a00000, 0x00000000e3a00000|100%| O|  |TAMS 0x00000000e3900000, 0x00000000e3900000| Untracked 
|  58|0x00000000e3a00000, 0x00000000e3b00000, 0x00000000e3b00000|100%| O|  |TAMS 0x00000000e3a00000, 0x00000000e3a00000| Untracked 
|  59|0x00000000e3b00000, 0x00000000e3c00000, 0x00000000e3c00000|100%| O|  |TAMS 0x00000000e3b00000, 0x00000000e3b00000| Untracked 
|  60|0x00000000e3c00000, 0x00000000e3d00000, 0x00000000e3d00000|100%| O|  |TAMS 0x00000000e3c00000, 0x00000000e3c00000| Untracked 
|  61|0x00000000e3d00000, 0x00000000e3e00000, 0x00000000e3e00000|100%| O|  |TAMS 0x00000000e3d00000, 0x00000000e3d00000| Untracked 
|  62|0x00000000e3e00000, 0x00000000e3f00000, 0x00000000e3f00000|100%| O|  |TAMS 0x00000000e3e00000, 0x00000000e3e00000| Untracked 
|  63|0x00000000e3f00000, 0x00000000e4000000, 0x00000000e4000000|100%| O|  |TAMS 0x00000000e3f00000, 0x00000000e3f00000| Untracked 
|  64|0x00000000e4000000, 0x00000000e4100000, 0x00000000e4100000|100%| O|  |TAMS 0x00000000e4000000, 0x00000000e4000000| Untracked 
|  65|0x00000000e4100000, 0x00000000e4200000, 0x00000000e4200000|100%| O|  |TAMS 0x00000000e4100000, 0x00000000e4100000| Untracked 
|  66|0x00000000e4200000, 0x00000000e4300000, 0x00000000e4300000|100%| O|  |TAMS 0x00000000e4200000, 0x00000000e4200000| Untracked 
|  67|0x00000000e4300000, 0x00000000e4400000, 0x00000000e4400000|100%| O|  |TAMS 0x00000000e4300000, 0x00000000e4300000| Untracked 
|  68|0x00000000e4400000, 0x00000000e4500000, 0x00000000e4500000|100%| O|  |TAMS 0x00000000e4400000, 0x00000000e4400000| Untracked 
|  69|0x00000000e4500000, 0x00000000e4600000, 0x00000000e4600000|100%| O|  |TAMS 0x00000000e4500000, 0x00000000e4500000| Untracked 
|  70|0x00000000e4600000, 0x00000000e4700000, 0x00000000e4700000|100%| O|  |TAMS 0x00000000e4600000, 0x00000000e4600000| Untracked 
|  71|0x00000000e4700000, 0x00000000e4800000, 0x00000000e4800000|100%| O|  |TAMS 0x00000000e4700000, 0x00000000e4700000| Untracked 
|  72|0x00000000e4800000, 0x00000000e4900000, 0x00000000e4900000|100%| O|  |TAMS 0x00000000e4800000, 0x00000000e4800000| Untracked 
|  73|0x00000000e4900000, 0x00000000e4a00000, 0x00000000e4a00000|100%| O|  |TAMS 0x00000000e4900000, 0x00000000e4900000| Untracked 
|  74|0x00000000e4a00000, 0x00000000e4b00000, 0x00000000e4b00000|100%| O|  |TAMS 0x00000000e4a00000, 0x00000000e4a00000| Untracked 
|  75|0x00000000e4b00000, 0x00000000e4b30e00, 0x00000000e4c00000| 19%| O|  |TAMS 0x00000000e4b00000, 0x00000000e4b00000| Untracked 
|  76|0x00000000e4c00000, 0x00000000e4c00000, 0x00000000e4d00000|  0%| F|  |TAMS 0x00000000e4c00000, 0x00000000e4c00000| Untracked 
|  77|0x00000000e4d00000, 0x00000000e4d00000, 0x00000000e4e00000|  0%| F|  |TAMS 0x00000000e4d00000, 0x00000000e4d00000| Untracked 
|  78|0x00000000e4e00000, 0x00000000e4e00000, 0x00000000e4f00000|  0%| F|  |TAMS 0x00000000e4e00000, 0x00000000e4e00000| Untracked 
|  79|0x00000000e4f00000, 0x00000000e4f00000, 0x00000000e5000000|  0%| F|  |TAMS 0x00000000e4f00000, 0x00000000e4f00000| Untracked 
|  80|0x00000000e5000000, 0x00000000e5000000, 0x00000000e5100000|  0%| F|  |TAMS 0x00000000e5000000, 0x00000000e5000000| Untracked 
|  81|0x00000000e5100000, 0x00000000e5100000, 0x00000000e5200000|  0%| F|  |TAMS 0x00000000e5100000, 0x00000000e5100000| Untracked 
|  82|0x00000000e5200000, 0x00000000e5200000, 0x00000000e5300000|  0%| F|  |TAMS 0x00000000e5200000, 0x00000000e5200000| Untracked 
|  83|0x00000000e5300000, 0x00000000e5300000, 0x00000000e5400000|  0%| F|  |TAMS 0x00000000e5300000, 0x00000000e5300000| Untracked 
|  84|0x00000000e5400000, 0x00000000e5400000, 0x00000000e5500000|  0%| F|  |TAMS 0x00000000e5400000, 0x00000000e5400000| Untracked 
|  85|0x00000000e5500000, 0x00000000e5500000, 0x00000000e5600000|  0%| F|  |TAMS 0x00000000e5500000, 0x00000000e5500000| Untracked 
|  86|0x00000000e5600000, 0x00000000e5600000, 0x00000000e5700000|  0%| F|  |TAMS 0x00000000e5600000, 0x00000000e5600000| Untracked 
|  87|0x00000000e5700000, 0x00000000e5700000, 0x00000000e5800000|  0%| F|  |TAMS 0x00000000e5700000, 0x00000000e5700000| Untracked 
|  88|0x00000000e5800000, 0x00000000e5800000, 0x00000000e5900000|  0%| F|  |TAMS 0x00000000e5800000, 0x00000000e5800000| Untracked 
|  89|0x00000000e5900000, 0x00000000e5900000, 0x00000000e5a00000|  0%| F|  |TAMS 0x00000000e5900000, 0x00000000e5900000| Untracked 
|  90|0x00000000e5a00000, 0x00000000e5a00000, 0x00000000e5b00000|  0%| F|  |TAMS 0x00000000e5a00000, 0x00000000e5a00000| Untracked 
|  91|0x00000000e5b00000, 0x00000000e5b00000, 0x00000000e5c00000|  0%| F|  |TAMS 0x00000000e5b00000, 0x00000000e5b00000| Untracked 
|  92|0x00000000e5c00000, 0x00000000e5c00000, 0x00000000e5d00000|  0%| F|  |TAMS 0x00000000e5c00000, 0x00000000e5c00000| Untracked 
|  93|0x00000000e5d00000, 0x00000000e5d00000, 0x00000000e5e00000|  0%| F|  |TAMS 0x00000000e5d00000, 0x00000000e5d00000| Untracked 
|  94|0x00000000e5e00000, 0x00000000e5e00000, 0x00000000e5f00000|  0%| F|  |TAMS 0x00000000e5e00000, 0x00000000e5e00000| Untracked 
|  95|0x00000000e5f00000, 0x00000000e5f00000, 0x00000000e6000000|  0%| F|  |TAMS 0x00000000e5f00000, 0x00000000e5f00000| Untracked 
|  96|0x00000000e6000000, 0x00000000e6000000, 0x00000000e6100000|  0%| F|  |TAMS 0x00000000e6000000, 0x00000000e6000000| Untracked 
|  97|0x00000000e6100000, 0x00000000e6100000, 0x00000000e6200000|  0%| F|  |TAMS 0x00000000e6100000, 0x00000000e6100000| Untracked 
|  98|0x00000000e6200000, 0x00000000e6200000, 0x00000000e6300000|  0%| F|  |TAMS 0x00000000e6200000, 0x00000000e6200000| Untracked 
|  99|0x00000000e6300000, 0x00000000e6300000, 0x00000000e6400000|  0%| F|  |TAMS 0x00000000e6300000, 0x00000000e6300000| Untracked 
| 100|0x00000000e6400000, 0x00000000e6400000, 0x00000000e6500000|  0%| F|  |TAMS 0x00000000e6400000, 0x00000000e6400000| Untracked 
| 101|0x00000000e6500000, 0x00000000e6500000, 0x00000000e6600000|  0%| F|  |TAMS 0x00000000e6500000, 0x00000000e6500000| Untracked 
| 102|0x00000000e6600000, 0x00000000e6600000, 0x00000000e6700000|  0%| F|  |TAMS 0x00000000e6600000, 0x00000000e6600000| Untracked 
| 103|0x00000000e6700000, 0x00000000e6700000, 0x00000000e6800000|  0%| F|  |TAMS 0x00000000e6700000, 0x00000000e6700000| Untracked 
| 104|0x00000000e6800000, 0x00000000e6800000, 0x00000000e6900000|  0%| F|  |TAMS 0x00000000e6800000, 0x00000000e6800000| Untracked 
| 105|0x00000000e6900000, 0x00000000e6900000, 0x00000000e6a00000|  0%| F|  |TAMS 0x00000000e6900000, 0x00000000e6900000| Untracked 
| 106|0x00000000e6a00000, 0x00000000e6a00000, 0x00000000e6b00000|  0%| F|  |TAMS 0x00000000e6a00000, 0x00000000e6a00000| Untracked 
| 107|0x00000000e6b00000, 0x00000000e6b00000, 0x00000000e6c00000|  0%| F|  |TAMS 0x00000000e6b00000, 0x00000000e6b00000| Untracked 
| 108|0x00000000e6c00000, 0x00000000e6c00000, 0x00000000e6d00000|  0%| F|  |TAMS 0x00000000e6c00000, 0x00000000e6c00000| Untracked 
| 109|0x00000000e6d00000, 0x00000000e6d00000, 0x00000000e6e00000|  0%| F|  |TAMS 0x00000000e6d00000, 0x00000000e6d00000| Untracked 
| 110|0x00000000e6e00000, 0x00000000e6e00000, 0x00000000e6f00000|  0%| F|  |TAMS 0x00000000e6e00000, 0x00000000e6e00000| Untracked 
| 111|0x00000000e6f00000, 0x00000000e6f00000, 0x00000000e7000000|  0%| F|  |TAMS 0x00000000e6f00000, 0x00000000e6f00000| Untracked 
| 112|0x00000000e7000000, 0x00000000e7000000, 0x00000000e7100000|  0%| F|  |TAMS 0x00000000e7000000, 0x00000000e7000000| Untracked 
| 113|0x00000000e7100000, 0x00000000e7100000, 0x00000000e7200000|  0%| F|  |TAMS 0x00000000e7100000, 0x00000000e7100000| Untracked 
| 114|0x00000000e7200000, 0x00000000e7200000, 0x00000000e7300000|  0%| F|  |TAMS 0x00000000e7200000, 0x00000000e7200000| Untracked 
| 115|0x00000000e7300000, 0x00000000e7300000, 0x00000000e7400000|  0%| F|  |TAMS 0x00000000e7300000, 0x00000000e7300000| Untracked 
| 116|0x00000000e7400000, 0x00000000e7452780, 0x00000000e7500000| 32%| S|CS|TAMS 0x00000000e7400000, 0x00000000e7400000| Complete 
| 117|0x00000000e7500000, 0x00000000e7600000, 0x00000000e7600000|100%| S|CS|TAMS 0x00000000e7500000, 0x00000000e7500000| Complete 
| 118|0x00000000e7600000, 0x00000000e7700000, 0x00000000e7700000|100%| S|CS|TAMS 0x00000000e7600000, 0x00000000e7600000| Complete 
| 119|0x00000000e7700000, 0x00000000e7700000, 0x00000000e7800000|  0%| F|  |TAMS 0x00000000e7700000, 0x00000000e7700000| Untracked 
| 120|0x00000000e7800000, 0x00000000e7800000, 0x00000000e7900000|  0%| F|  |TAMS 0x00000000e7800000, 0x00000000e7800000| Untracked 
| 121|0x00000000e7900000, 0x00000000e7a00000, 0x00000000e7a00000|100%| S|CS|TAMS 0x00000000e7900000, 0x00000000e7900000| Complete 
| 122|0x00000000e7a00000, 0x00000000e7a00000, 0x00000000e7b00000|  0%| F|  |TAMS 0x00000000e7a00000, 0x00000000e7a00000| Untracked 
| 123|0x00000000e7b00000, 0x00000000e7b00000, 0x00000000e7c00000|  0%| F|  |TAMS 0x00000000e7b00000, 0x00000000e7b00000| Untracked 
| 124|0x00000000e7c00000, 0x00000000e7c00000, 0x00000000e7d00000|  0%| F|  |TAMS 0x00000000e7c00000, 0x00000000e7c00000| Untracked 
| 125|0x00000000e7d00000, 0x00000000e7d00000, 0x00000000e7e00000|  0%| F|  |TAMS 0x00000000e7d00000, 0x00000000e7d00000| Untracked 
| 126|0x00000000e7e00000, 0x00000000e7e00000, 0x00000000e7f00000|  0%| F|  |TAMS 0x00000000e7e00000, 0x00000000e7e00000| Untracked 
| 127|0x00000000e7f00000, 0x00000000e7f00000, 0x00000000e8000000|  0%| F|  |TAMS 0x00000000e7f00000, 0x00000000e7f00000| Untracked 
| 128|0x00000000e8000000, 0x00000000e8000000, 0x00000000e8100000|  0%| F|  |TAMS 0x00000000e8000000, 0x00000000e8000000| Untracked 
| 129|0x00000000e8100000, 0x00000000e8100000, 0x00000000e8200000|  0%| F|  |TAMS 0x00000000e8100000, 0x00000000e8100000| Untracked 
| 130|0x00000000e8200000, 0x00000000e8200000, 0x00000000e8300000|  0%| F|  |TAMS 0x00000000e8200000, 0x00000000e8200000| Untracked 
| 131|0x00000000e8300000, 0x00000000e8300000, 0x00000000e8400000|  0%| F|  |TAMS 0x00000000e8300000, 0x00000000e8300000| Untracked 
| 132|0x00000000e8400000, 0x00000000e8400000, 0x00000000e8500000|  0%| F|  |TAMS 0x00000000e8400000, 0x00000000e8400000| Untracked 
| 133|0x00000000e8500000, 0x00000000e8500000, 0x00000000e8600000|  0%| F|  |TAMS 0x00000000e8500000, 0x00000000e8500000| Untracked 
| 134|0x00000000e8600000, 0x00000000e8600000, 0x00000000e8700000|  0%| F|  |TAMS 0x00000000e8600000, 0x00000000e8600000| Untracked 
| 135|0x00000000e8700000, 0x00000000e8700000, 0x00000000e8800000|  0%| F|  |TAMS 0x00000000e8700000, 0x00000000e8700000| Untracked 
| 136|0x00000000e8800000, 0x00000000e8800000, 0x00000000e8900000|  0%| F|  |TAMS 0x00000000e8800000, 0x00000000e8800000| Untracked 
| 137|0x00000000e8900000, 0x00000000e8900000, 0x00000000e8a00000|  0%| F|  |TAMS 0x00000000e8900000, 0x00000000e8900000| Untracked 
| 138|0x00000000e8a00000, 0x00000000e8a00000, 0x00000000e8b00000|  0%| F|  |TAMS 0x00000000e8a00000, 0x00000000e8a00000| Untracked 
| 139|0x00000000e8b00000, 0x00000000e8b00000, 0x00000000e8c00000|  0%| F|  |TAMS 0x00000000e8b00000, 0x00000000e8b00000| Untracked 
| 140|0x00000000e8c00000, 0x00000000e8c00000, 0x00000000e8d00000|  0%| F|  |TAMS 0x00000000e8c00000, 0x00000000e8c00000| Untracked 
| 141|0x00000000e8d00000, 0x00000000e8d00000, 0x00000000e8e00000|  0%| F|  |TAMS 0x00000000e8d00000, 0x00000000e8d00000| Untracked 
| 142|0x00000000e8e00000, 0x00000000e8e00000, 0x00000000e8f00000|  0%| F|  |TAMS 0x00000000e8e00000, 0x00000000e8e00000| Untracked 
| 143|0x00000000e8f00000, 0x00000000e8f00000, 0x00000000e9000000|  0%| F|  |TAMS 0x00000000e8f00000, 0x00000000e8f00000| Untracked 
| 144|0x00000000e9000000, 0x00000000e9000000, 0x00000000e9100000|  0%| F|  |TAMS 0x00000000e9000000, 0x00000000e9000000| Untracked 
| 145|0x00000000e9100000, 0x00000000e9100000, 0x00000000e9200000|  0%| F|  |TAMS 0x00000000e9100000, 0x00000000e9100000| Untracked 
| 146|0x00000000e9200000, 0x00000000e9200000, 0x00000000e9300000|  0%| F|  |TAMS 0x00000000e9200000, 0x00000000e9200000| Untracked 
| 147|0x00000000e9300000, 0x00000000e9300000, 0x00000000e9400000|  0%| F|  |TAMS 0x00000000e9300000, 0x00000000e9300000| Untracked 
| 148|0x00000000e9400000, 0x00000000e9400000, 0x00000000e9500000|  0%| F|  |TAMS 0x00000000e9400000, 0x00000000e9400000| Untracked 
| 149|0x00000000e9500000, 0x00000000e9500000, 0x00000000e9600000|  0%| F|  |TAMS 0x00000000e9500000, 0x00000000e9500000| Untracked 
| 150|0x00000000e9600000, 0x00000000e9600000, 0x00000000e9700000|  0%| F|  |TAMS 0x00000000e9600000, 0x00000000e9600000| Untracked 
| 151|0x00000000e9700000, 0x00000000e9700000, 0x00000000e9800000|  0%| F|  |TAMS 0x00000000e9700000, 0x00000000e9700000| Untracked 
| 152|0x00000000e9800000, 0x00000000e9800000, 0x00000000e9900000|  0%| F|  |TAMS 0x00000000e9800000, 0x00000000e9800000| Untracked 
| 153|0x00000000e9900000, 0x00000000e9900000, 0x00000000e9a00000|  0%| F|  |TAMS 0x00000000e9900000, 0x00000000e9900000| Untracked 
| 154|0x00000000e9a00000, 0x00000000e9a00000, 0x00000000e9b00000|  0%| F|  |TAMS 0x00000000e9a00000, 0x00000000e9a00000| Untracked 
| 155|0x00000000e9b00000, 0x00000000e9b00000, 0x00000000e9c00000|  0%| F|  |TAMS 0x00000000e9b00000, 0x00000000e9b00000| Untracked 
| 156|0x00000000e9c00000, 0x00000000e9c00000, 0x00000000e9d00000|  0%| F|  |TAMS 0x00000000e9c00000, 0x00000000e9c00000| Untracked 
| 157|0x00000000e9d00000, 0x00000000e9d00000, 0x00000000e9e00000|  0%| F|  |TAMS 0x00000000e9d00000, 0x00000000e9d00000| Untracked 
| 158|0x00000000e9e00000, 0x00000000e9e00000, 0x00000000e9f00000|  0%| F|  |TAMS 0x00000000e9e00000, 0x00000000e9e00000| Untracked 
| 159|0x00000000e9f00000, 0x00000000e9f00000, 0x00000000ea000000|  0%| F|  |TAMS 0x00000000e9f00000, 0x00000000e9f00000| Untracked 
| 160|0x00000000ea000000, 0x00000000ea000000, 0x00000000ea100000|  0%| F|  |TAMS 0x00000000ea000000, 0x00000000ea000000| Untracked 
| 161|0x00000000ea100000, 0x00000000ea100000, 0x00000000ea200000|  0%| F|  |TAMS 0x00000000ea100000, 0x00000000ea100000| Untracked 
| 162|0x00000000ea200000, 0x00000000ea200000, 0x00000000ea300000|  0%| F|  |TAMS 0x00000000ea200000, 0x00000000ea200000| Untracked 
| 163|0x00000000ea300000, 0x00000000ea300000, 0x00000000ea400000|  0%| F|  |TAMS 0x00000000ea300000, 0x00000000ea300000| Untracked 
| 164|0x00000000ea400000, 0x00000000ea400000, 0x00000000ea500000|  0%| F|  |TAMS 0x00000000ea400000, 0x00000000ea400000| Untracked 
| 165|0x00000000ea500000, 0x00000000ea500000, 0x00000000ea600000|  0%| F|  |TAMS 0x00000000ea500000, 0x00000000ea500000| Untracked 
| 166|0x00000000ea600000, 0x00000000ea600000, 0x00000000ea700000|  0%| F|  |TAMS 0x00000000ea600000, 0x00000000ea600000| Untracked 
| 167|0x00000000ea700000, 0x00000000ea700000, 0x00000000ea800000|  0%| F|  |TAMS 0x00000000ea700000, 0x00000000ea700000| Untracked 
| 168|0x00000000ea800000, 0x00000000ea800000, 0x00000000ea900000|  0%| F|  |TAMS 0x00000000ea800000, 0x00000000ea800000| Untracked 
| 169|0x00000000ea900000, 0x00000000ea900000, 0x00000000eaa00000|  0%| F|  |TAMS 0x00000000ea900000, 0x00000000ea900000| Untracked 
| 170|0x00000000eaa00000, 0x00000000eaa00000, 0x00000000eab00000|  0%| F|  |TAMS 0x00000000eaa00000, 0x00000000eaa00000| Untracked 
| 171|0x00000000eab00000, 0x00000000eab00000, 0x00000000eac00000|  0%| F|  |TAMS 0x00000000eab00000, 0x00000000eab00000| Untracked 
| 172|0x00000000eac00000, 0x00000000eac00000, 0x00000000ead00000|  0%| F|  |TAMS 0x00000000eac00000, 0x00000000eac00000| Untracked 
| 173|0x00000000ead00000, 0x00000000ead00000, 0x00000000eae00000|  0%| F|  |TAMS 0x00000000ead00000, 0x00000000ead00000| Untracked 
| 174|0x00000000eae00000, 0x00000000eae00000, 0x00000000eaf00000|  0%| F|  |TAMS 0x00000000eae00000, 0x00000000eae00000| Untracked 
| 175|0x00000000eaf00000, 0x00000000eaf00000, 0x00000000eb000000|  0%| F|  |TAMS 0x00000000eaf00000, 0x00000000eaf00000| Untracked 
| 176|0x00000000eb000000, 0x00000000eb000000, 0x00000000eb100000|  0%| F|  |TAMS 0x00000000eb000000, 0x00000000eb000000| Untracked 
| 177|0x00000000eb100000, 0x00000000eb100000, 0x00000000eb200000|  0%| F|  |TAMS 0x00000000eb100000, 0x00000000eb100000| Untracked 
| 178|0x00000000eb200000, 0x00000000eb200000, 0x00000000eb300000|  0%| F|  |TAMS 0x00000000eb200000, 0x00000000eb200000| Untracked 
| 179|0x00000000eb300000, 0x00000000eb300000, 0x00000000eb400000|  0%| F|  |TAMS 0x00000000eb300000, 0x00000000eb300000| Untracked 
| 180|0x00000000eb400000, 0x00000000eb400000, 0x00000000eb500000|  0%| F|  |TAMS 0x00000000eb400000, 0x00000000eb400000| Untracked 
| 181|0x00000000eb500000, 0x00000000eb500000, 0x00000000eb600000|  0%| F|  |TAMS 0x00000000eb500000, 0x00000000eb500000| Untracked 
| 182|0x00000000eb600000, 0x00000000eb600000, 0x00000000eb700000|  0%| F|  |TAMS 0x00000000eb600000, 0x00000000eb600000| Untracked 
| 183|0x00000000eb700000, 0x00000000eb700000, 0x00000000eb800000|  0%| F|  |TAMS 0x00000000eb700000, 0x00000000eb700000| Untracked 
| 184|0x00000000eb800000, 0x00000000eb800000, 0x00000000eb900000|  0%| F|  |TAMS 0x00000000eb800000, 0x00000000eb800000| Untracked 
| 185|0x00000000eb900000, 0x00000000eb900000, 0x00000000eba00000|  0%| F|  |TAMS 0x00000000eb900000, 0x00000000eb900000| Untracked 
| 186|0x00000000eba00000, 0x00000000eba00000, 0x00000000ebb00000|  0%| F|  |TAMS 0x00000000eba00000, 0x00000000eba00000| Untracked 
| 187|0x00000000ebb00000, 0x00000000ebb00000, 0x00000000ebc00000|  0%| F|  |TAMS 0x00000000ebb00000, 0x00000000ebb00000| Untracked 
| 188|0x00000000ebc00000, 0x00000000ebc00000, 0x00000000ebd00000|  0%| F|  |TAMS 0x00000000ebc00000, 0x00000000ebc00000| Untracked 
| 189|0x00000000ebd00000, 0x00000000ebd60eb0, 0x00000000ebe00000| 37%| E|  |TAMS 0x00000000ebd00000, 0x00000000ebd00000| Complete 
| 190|0x00000000ebe00000, 0x00000000ebf00000, 0x00000000ebf00000|100%| E|CS|TAMS 0x00000000ebe00000, 0x00000000ebe00000| Complete 
| 191|0x00000000ebf00000, 0x00000000ec000000, 0x00000000ec000000|100%| E|CS|TAMS 0x00000000ebf00000, 0x00000000ebf00000| Complete 
| 192|0x00000000ec000000, 0x00000000ec100000, 0x00000000ec100000|100%| E|  |TAMS 0x00000000ec000000, 0x00000000ec000000| Complete 
| 193|0x00000000ec100000, 0x00000000ec200000, 0x00000000ec200000|100%| E|CS|TAMS 0x00000000ec100000, 0x00000000ec100000| Complete 
| 194|0x00000000ec200000, 0x00000000ec300000, 0x00000000ec300000|100%| E|CS|TAMS 0x00000000ec200000, 0x00000000ec200000| Complete 
| 195|0x00000000ec300000, 0x00000000ec400000, 0x00000000ec400000|100%| E|CS|TAMS 0x00000000ec300000, 0x00000000ec300000| Complete 
| 196|0x00000000ec400000, 0x00000000ec500000, 0x00000000ec500000|100%| E|CS|TAMS 0x00000000ec400000, 0x00000000ec400000| Complete 
| 197|0x00000000ec500000, 0x00000000ec600000, 0x00000000ec600000|100%| E|CS|TAMS 0x00000000ec500000, 0x00000000ec500000| Complete 
| 198|0x00000000ec600000, 0x00000000ec700000, 0x00000000ec700000|100%| E|CS|TAMS 0x00000000ec600000, 0x00000000ec600000| Complete 
| 199|0x00000000ec700000, 0x00000000ec800000, 0x00000000ec800000|100%| E|CS|TAMS 0x00000000ec700000, 0x00000000ec700000| Complete 
| 200|0x00000000ec800000, 0x00000000ec900000, 0x00000000ec900000|100%| E|CS|TAMS 0x00000000ec800000, 0x00000000ec800000| Complete 
| 201|0x00000000ec900000, 0x00000000eca00000, 0x00000000eca00000|100%| E|CS|TAMS 0x00000000ec900000, 0x00000000ec900000| Complete 
| 202|0x00000000eca00000, 0x00000000ecb00000, 0x00000000ecb00000|100%| E|CS|TAMS 0x00000000eca00000, 0x00000000eca00000| Complete 
| 203|0x00000000ecb00000, 0x00000000ecc00000, 0x00000000ecc00000|100%| E|CS|TAMS 0x00000000ecb00000, 0x00000000ecb00000| Complete 
| 204|0x00000000ecc00000, 0x00000000ecd00000, 0x00000000ecd00000|100%| E|CS|TAMS 0x00000000ecc00000, 0x00000000ecc00000| Complete 
| 205|0x00000000ecd00000, 0x00000000ece00000, 0x00000000ece00000|100%| E|CS|TAMS 0x00000000ecd00000, 0x00000000ecd00000| Complete 
| 206|0x00000000ece00000, 0x00000000ecf00000, 0x00000000ecf00000|100%| E|CS|TAMS 0x00000000ece00000, 0x00000000ece00000| Complete 
| 207|0x00000000ecf00000, 0x00000000ed000000, 0x00000000ed000000|100%| E|CS|TAMS 0x00000000ecf00000, 0x00000000ecf00000| Complete 
| 208|0x00000000ed000000, 0x00000000ed100000, 0x00000000ed100000|100%| E|CS|TAMS 0x00000000ed000000, 0x00000000ed000000| Complete 
| 209|0x00000000ed100000, 0x00000000ed200000, 0x00000000ed200000|100%| E|CS|TAMS 0x00000000ed100000, 0x00000000ed100000| Complete 
| 210|0x00000000ed200000, 0x00000000ed300000, 0x00000000ed300000|100%| E|CS|TAMS 0x00000000ed200000, 0x00000000ed200000| Complete 
| 211|0x00000000ed300000, 0x00000000ed400000, 0x00000000ed400000|100%| E|CS|TAMS 0x00000000ed300000, 0x00000000ed300000| Complete 
| 212|0x00000000ed400000, 0x00000000ed500000, 0x00000000ed500000|100%| E|CS|TAMS 0x00000000ed400000, 0x00000000ed400000| Complete 
| 213|0x00000000ed500000, 0x00000000ed600000, 0x00000000ed600000|100%| E|CS|TAMS 0x00000000ed500000, 0x00000000ed500000| Complete 
| 214|0x00000000ed600000, 0x00000000ed700000, 0x00000000ed700000|100%| E|CS|TAMS 0x00000000ed600000, 0x00000000ed600000| Complete 
| 215|0x00000000ed700000, 0x00000000ed800000, 0x00000000ed800000|100%| E|CS|TAMS 0x00000000ed700000, 0x00000000ed700000| Complete 
| 216|0x00000000ed800000, 0x00000000ed900000, 0x00000000ed900000|100%| E|CS|TAMS 0x00000000ed800000, 0x00000000ed800000| Complete 
| 217|0x00000000ed900000, 0x00000000eda00000, 0x00000000eda00000|100%| E|CS|TAMS 0x00000000ed900000, 0x00000000ed900000| Complete 
| 218|0x00000000eda00000, 0x00000000edb00000, 0x00000000edb00000|100%| E|CS|TAMS 0x00000000eda00000, 0x00000000eda00000| Complete 
| 219|0x00000000edb00000, 0x00000000edc00000, 0x00000000edc00000|100%| E|CS|TAMS 0x00000000edb00000, 0x00000000edb00000| Complete 
| 220|0x00000000edc00000, 0x00000000edd00000, 0x00000000edd00000|100%| E|CS|TAMS 0x00000000edc00000, 0x00000000edc00000| Complete 
| 221|0x00000000edd00000, 0x00000000ede00000, 0x00000000ede00000|100%| E|CS|TAMS 0x00000000edd00000, 0x00000000edd00000| Complete 
| 222|0x00000000ede00000, 0x00000000edf00000, 0x00000000edf00000|100%| E|CS|TAMS 0x00000000ede00000, 0x00000000ede00000| Complete 
| 223|0x00000000edf00000, 0x00000000ee000000, 0x00000000ee000000|100%| E|CS|TAMS 0x00000000edf00000, 0x00000000edf00000| Complete 
| 224|0x00000000ee000000, 0x00000000ee100000, 0x00000000ee100000|100%| E|CS|TAMS 0x00000000ee000000, 0x00000000ee000000| Complete 
| 225|0x00000000ee100000, 0x00000000ee200000, 0x00000000ee200000|100%| E|CS|TAMS 0x00000000ee100000, 0x00000000ee100000| Complete 
| 226|0x00000000ee200000, 0x00000000ee300000, 0x00000000ee300000|100%| E|CS|TAMS 0x00000000ee200000, 0x00000000ee200000| Complete 
| 227|0x00000000ee300000, 0x00000000ee400000, 0x00000000ee400000|100%| E|CS|TAMS 0x00000000ee300000, 0x00000000ee300000| Complete 
| 228|0x00000000ee400000, 0x00000000ee500000, 0x00000000ee500000|100%| E|CS|TAMS 0x00000000ee400000, 0x00000000ee400000| Complete 
| 229|0x00000000ee500000, 0x00000000ee600000, 0x00000000ee600000|100%| E|CS|TAMS 0x00000000ee500000, 0x00000000ee500000| Complete 
| 230|0x00000000ee600000, 0x00000000ee700000, 0x00000000ee700000|100%| E|CS|TAMS 0x00000000ee600000, 0x00000000ee600000| Complete 
| 231|0x00000000ee700000, 0x00000000ee800000, 0x00000000ee800000|100%| E|CS|TAMS 0x00000000ee700000, 0x00000000ee700000| Complete 
| 232|0x00000000ee800000, 0x00000000ee900000, 0x00000000ee900000|100%| E|CS|TAMS 0x00000000ee800000, 0x00000000ee800000| Complete 
| 233|0x00000000ee900000, 0x00000000eea00000, 0x00000000eea00000|100%| E|CS|TAMS 0x00000000ee900000, 0x00000000ee900000| Complete 
| 234|0x00000000eea00000, 0x00000000eeb00000, 0x00000000eeb00000|100%| E|CS|TAMS 0x00000000eea00000, 0x00000000eea00000| Complete 
| 235|0x00000000eeb00000, 0x00000000eec00000, 0x00000000eec00000|100%| E|CS|TAMS 0x00000000eeb00000, 0x00000000eeb00000| Complete 
| 236|0x00000000eec00000, 0x00000000eed00000, 0x00000000eed00000|100%| E|CS|TAMS 0x00000000eec00000, 0x00000000eec00000| Complete 
| 237|0x00000000eed00000, 0x00000000eee00000, 0x00000000eee00000|100%| E|CS|TAMS 0x00000000eed00000, 0x00000000eed00000| Complete 
| 238|0x00000000eee00000, 0x00000000eef00000, 0x00000000eef00000|100%| E|CS|TAMS 0x00000000eee00000, 0x00000000eee00000| Complete 
| 239|0x00000000eef00000, 0x00000000ef000000, 0x00000000ef000000|100%| E|CS|TAMS 0x00000000eef00000, 0x00000000eef00000| Complete 
| 240|0x00000000ef000000, 0x00000000ef100000, 0x00000000ef100000|100%| E|CS|TAMS 0x00000000ef000000, 0x00000000ef000000| Complete 
| 241|0x00000000ef100000, 0x00000000ef200000, 0x00000000ef200000|100%| E|CS|TAMS 0x00000000ef100000, 0x00000000ef100000| Complete 
| 242|0x00000000ef200000, 0x00000000ef300000, 0x00000000ef300000|100%| E|CS|TAMS 0x00000000ef200000, 0x00000000ef200000| Complete 
| 243|0x00000000ef300000, 0x00000000ef400000, 0x00000000ef400000|100%| E|CS|TAMS 0x00000000ef300000, 0x00000000ef300000| Complete 
| 244|0x00000000ef400000, 0x00000000ef500000, 0x00000000ef500000|100%| E|CS|TAMS 0x00000000ef400000, 0x00000000ef400000| Complete 
| 245|0x00000000ef500000, 0x00000000ef600000, 0x00000000ef600000|100%| E|CS|TAMS 0x00000000ef500000, 0x00000000ef500000| Complete 
| 246|0x00000000ef600000, 0x00000000ef700000, 0x00000000ef700000|100%| E|CS|TAMS 0x00000000ef600000, 0x00000000ef600000| Complete 
| 247|0x00000000ef700000, 0x00000000ef800000, 0x00000000ef800000|100%| E|CS|TAMS 0x00000000ef700000, 0x00000000ef700000| Complete 
| 248|0x00000000ef800000, 0x00000000ef900000, 0x00000000ef900000|100%| E|CS|TAMS 0x00000000ef800000, 0x00000000ef800000| Complete 
| 249|0x00000000ef900000, 0x00000000efa00000, 0x00000000efa00000|100%| E|CS|TAMS 0x00000000ef900000, 0x00000000ef900000| Complete 
| 250|0x00000000efa00000, 0x00000000efb00000, 0x00000000efb00000|100%| E|CS|TAMS 0x00000000efa00000, 0x00000000efa00000| Complete 
| 251|0x00000000efb00000, 0x00000000efc00000, 0x00000000efc00000|100%| E|CS|TAMS 0x00000000efb00000, 0x00000000efb00000| Complete 
| 252|0x00000000efc00000, 0x00000000efd00000, 0x00000000efd00000|100%| E|CS|TAMS 0x00000000efc00000, 0x00000000efc00000| Complete 
| 253|0x00000000efd00000, 0x00000000efe00000, 0x00000000efe00000|100%| E|CS|TAMS 0x00000000efd00000, 0x00000000efd00000| Complete 
| 254|0x00000000efe00000, 0x00000000eff00000, 0x00000000eff00000|100%| E|CS|TAMS 0x00000000efe00000, 0x00000000efe00000| Complete 
| 255|0x00000000eff00000, 0x00000000f0000000, 0x00000000f0000000|100%| E|CS|TAMS 0x00000000eff00000, 0x00000000eff00000| Complete 

Card table byte_map: [0x000001bd2b1c0000,0x000001bd2b2c0000] _byte_map_base: 0x000001bd2aac0000

Marking Bits (Prev, Next): (CMBitMap*) 0x000001bd11c6df10, (CMBitMap*) 0x000001bd11c6ded0
 Prev Bits: [0x000001bd2bbc0000, 0x000001bd2c3c0000)
 Next Bits: [0x000001bd2b3c0000, 0x000001bd2bbc0000)

Polling page: 0x000001bd11d10000

Metaspace:

Usage:
  Non-class:     73.30 MB capacity,    71.59 MB ( 98%) used,     1.52 MB (  2%) free+waste,   194.00 KB ( <1%) overhead. 
      Class:     10.51 MB capacity,     9.87 MB ( 94%) used,   563.44 KB (  5%) free+waste,    83.81 KB ( <1%) overhead. 
       Both:     83.81 MB capacity,    81.47 MB ( 97%) used,     2.07 MB (  2%) free+waste,   277.81 KB ( <1%) overhead. 

Virtual space:
  Non-class space:       74.00 MB reserved,      73.33 MB (>99%) committed 
      Class space:      248.00 MB reserved,      10.63 MB (  4%) committed 
             Both:      322.00 MB reserved,      83.95 MB ( 26%) committed 

Chunk freelists:
   Non-Class:  29.00 KB
       Class:  0 bytes
        Both:  29.00 KB

MaxMetaspaceSize: 256.00 MB
CompressedClassSpaceSize: 248.00 MB

CodeHeap 'non-profiled nmethods': size=120000Kb used=11987Kb max_used=11987Kb free=108012Kb
 bounds [0x000001bd23110000, 0x000001bd23cd0000, 0x000001bd2a640000]
CodeHeap 'profiled nmethods': size=120000Kb used=32635Kb max_used=33212Kb free=87364Kb
 bounds [0x000001bd1bbe0000, 0x000001bd1dc50000, 0x000001bd23110000]
CodeHeap 'non-nmethods': size=5760Kb used=2411Kb max_used=2471Kb free=3348Kb
 bounds [0x000001bd1b640000, 0x000001bd1b8c0000, 0x000001bd1bbe0000]
 total_blobs=16940 nmethods=16033 adapters=818
 compilation: enabled
              stopped_count=0, restarted_count=0
 full_count=0

Compilation events (20 events):
Event: 8757.554 Thread 0x000001bd32cabff0 nmethod 19235 0x000001bd23cb9290 code [0x000001bd23cb9420, 0x000001bd23cb96f8]
Event: 8757.554 Thread 0x000001bd32cabff0 19237   !   4       org.gradle.cache.internal.LockOnDemandCrossProcessCacheAccess::incrementLockCount (193 bytes)
Event: 8757.554 Thread 0x000001bd2ee38310 19240       3       org.gradle.api.internal.attributes.AttributeDesugaring::<init> (17 bytes)
Event: 8757.554 Thread 0x000001bd2ee38310 nmethod 19240 0x000001bd1c06d310 code [0x000001bd1c06d4e0, 0x000001bd1c06da38]
Event: 8757.557 Thread 0x000001bd2ee38310 19245       3       org.gradle.api.internal.artifacts.DefaultResolverResults::getResolutionResult (9 bytes)
Event: 8757.557 Thread 0x000001bd2ee38310 nmethod 19245 0x000001bd1c71ed90 code [0x000001bd1c71ef60, 0x000001bd1c71f288]
Event: 8757.557 Thread 0x000001bd2ee38310 19246       3       org.gradle.api.internal.artifacts.configurations.DefaultConfiguration_Decorated::getDependenciesResolver (40 bytes)
Event: 8757.558 Thread 0x000001bd2ee38310 nmethod 19246 0x000001bd1c06c990 code [0x000001bd1c06cb80, 0x000001bd1c06cf58]
Event: 8757.558 Thread 0x000001bd2ee38310 19248       3       org.gradle.api.internal.tasks.properties.DefaultValidatingProperty::<init> (10 bytes)
Event: 8757.558 Thread 0x000001bd2ee38310 nmethod 19248 0x000001bd1c461b10 code [0x000001bd1c461cc0, 0x000001bd1c461f98]
Event: 8757.558 Thread 0x000001bd2ee38310 19247       3       org.gradle.api.internal.artifacts.configurations.DefaultConfiguration::getDependenciesResolver (30 bytes)
Event: 8757.559 Thread 0x000001bd2ee38310 nmethod 19247 0x000001bd1c9a9c90 code [0x000001bd1c9a9f60, 0x000001bd1c9ab1c8]
Event: 8757.559 Thread 0x000001bd2ee38310 19249       3       java.util.TimSort::pushRun (31 bytes)
Event: 8757.559 Thread 0x000001bd2ee38310 nmethod 19249 0x000001bd1c47bd90 code [0x000001bd1c47bf20, 0x000001bd1c47c078]
Event: 8757.608 Thread 0x000001bd2ee331a0 nmethod 19205 0x000001bd23cb9890 code [0x000001bd23cb9ec0, 0x000001bd23cbd0b8]
Event: 8757.608 Thread 0x000001bd2ee331a0 19241       4       org.gradle.api.internal.artifacts.DefaultModuleVersionIdentifier::<init> (51 bytes)
Event: 8757.618 Thread 0x000001bd2ee331a0 nmethod 19241 0x000001bd23cc0d90 code [0x000001bd23cc0f20, 0x000001bd23cc14c8]
Event: 8757.618 Thread 0x000001bd2ee331a0 19242       4       org.gradle.internal.id.LongIdGenerator::generateId (5 bytes)
Event: 8757.619 Thread 0x000001bd2ee331a0 nmethod 19242 0x000001bd23cc1790 code [0x000001bd23cc1920, 0x000001bd23cc1a38]
Event: 8757.619 Thread 0x000001bd2ee331a0 19243       4       org.gradle.api.internal.artifacts.ivyservice.resolveengine.graph.builder.SelectorState::update (95 bytes)

GC Heap History (20 events):
Event: 1231.705 GC heap before
{Heap before GC invocations=9 (full 0):
 garbage-first heap   total 262144K, used 136873K [0x00000000e0000000, 0x0000000100000000)
  region size 1024K, 101 young (103424K), 4 survivors (4096K)
 Metaspace       used 58903K, capacity 60099K, committed 60240K, reserved 307200K
  class space    used 7475K, capacity 7834K, committed 7936K, reserved 253952K
}
Event: 1231.708 GC heap after
{Heap after GC invocations=10 (full 0):
 garbage-first heap   total 262144K, used 37978K [0x00000000e0000000, 0x0000000100000000)
  region size 1024K, 2 young (2048K), 2 survivors (2048K)
 Metaspace       used 58903K, capacity 60099K, committed 60240K, reserved 307200K
  class space    used 7475K, capacity 7834K, committed 7936K, reserved 253952K
}
Event: 2399.423 GC heap before
{Heap before GC invocations=11 (full 0):
 garbage-first heap   total 262144K, used 207962K [0x00000000e0000000, 0x0000000100000000)
  region size 1024K, 153 young (156672K), 2 survivors (2048K)
 Metaspace       used 74838K, capacity 76440K, committed 76624K, reserved 321536K
  class space    used 9271K, capacity 9664K, committed 9728K, reserved 253952K
}
Event: 2399.433 GC heap after
{Heap after GC invocations=12 (full 0):
 garbage-first heap   total 262144K, used 66673K [0x00000000e0000000, 0x0000000100000000)
  region size 1024K, 14 young (14336K), 14 survivors (14336K)
 Metaspace       used 74838K, capacity 76440K, committed 76624K, reserved 321536K
  class space    used 9271K, capacity 9664K, committed 9728K, reserved 253952K
}
Event: 2811.651 GC heap before
{Heap before GC invocations=12 (full 0):
 garbage-first heap   total 262144K, used 206961K [0x00000000e0000000, 0x0000000100000000)
  region size 1024K, 152 young (155648K), 14 survivors (14336K)
 Metaspace       used 80101K, capacity 81920K, committed 82128K, reserved 327680K
  class space    used 9870K, capacity 10319K, committed 10368K, reserved 253952K
}
Event: 2811.680 GC heap after
{Heap after GC invocations=13 (full 0):
 garbage-first heap   total 262144K, used 81252K [0x00000000e0000000, 0x0000000100000000)
  region size 1024K, 15 young (15360K), 15 survivors (15360K)
 Metaspace       used 80101K, capacity 81920K, committed 82128K, reserved 327680K
  class space    used 9870K, capacity 10319K, committed 10368K, reserved 253952K
}
Event: 3040.284 GC heap before
{Heap before GC invocations=13 (full 0):
 garbage-first heap   total 262144K, used 203108K [0x00000000e0000000, 0x0000000100000000)
  region size 1024K, 135 young (138240K), 15 survivors (15360K)
 Metaspace       used 81605K, capacity 83890K, committed 84048K, reserved 327680K
  class space    used 10084K, capacity 10715K, committed 10752K, reserved 253952K
}
Event: 3040.300 GC heap after
{Heap after GC invocations=14 (full 0):
 garbage-first heap   total 262144K, used 84228K [0x00000000e0000000, 0x0000000100000000)
  region size 1024K, 10 young (10240K), 10 survivors (10240K)
 Metaspace       used 81605K, capacity 83890K, committed 84048K, reserved 327680K
  class space    used 10084K, capacity 10715K, committed 10752K, reserved 253952K
}
Event: 3927.576 GC heap before
{Heap before GC invocations=14 (full 0):
 garbage-first heap   total 262144K, used 204036K [0x00000000e0000000, 0x0000000100000000)
  region size 1024K, 128 young (131072K), 10 survivors (10240K)
 Metaspace       used 82048K, capacity 84434K, committed 84560K, reserved 329728K
  class space    used 10096K, capacity 10737K, committed 10752K, reserved 253952K
}
Event: 3927.585 GC heap after
{Heap after GC invocations=15 (full 0):
 garbage-first heap   total 262144K, used 85396K [0x00000000e0000000, 0x0000000100000000)
  region size 1024K, 9 young (9216K), 9 survivors (9216K)
 Metaspace       used 82048K, capacity 84434K, committed 84560K, reserved 329728K
  class space    used 10096K, capacity 10737K, committed 10752K, reserved 253952K
}
Event: 5013.475 GC heap before
{Heap before GC invocations=15 (full 0):
 garbage-first heap   total 262144K, used 205204K [0x00000000e0000000, 0x0000000100000000)
  region size 1024K, 127 young (130048K), 9 survivors (9216K)
 Metaspace       used 82409K, capacity 84829K, committed 85200K, reserved 329728K
  class space    used 10105K, capacity 10753K, committed 10880K, reserved 253952K
}
Event: 5013.496 GC heap after
{Heap after GC invocations=16 (full 0):
 garbage-first heap   total 262144K, used 83441K [0x00000000e0000000, 0x0000000100000000)
  region size 1024K, 7 young (7168K), 7 survivors (7168K)
 Metaspace       used 82409K, capacity 84829K, committed 85200K, reserved 329728K
  class space    used 10105K, capacity 10753K, committed 10880K, reserved 253952K
}
Event: 5388.360 GC heap before
{Heap before GC invocations=16 (full 0):
 garbage-first heap   total 262144K, used 207345K [0x00000000e0000000, 0x0000000100000000)
  region size 1024K, 129 young (132096K), 7 survivors (7168K)
 Metaspace       used 82741K, capacity 85113K, committed 85456K, reserved 329728K
  class space    used 10109K, capacity 10759K, committed 10880K, reserved 253952K
}
Event: 5388.364 GC heap after
{Heap after GC invocations=17 (full 0):
 garbage-first heap   total 262144K, used 80518K [0x00000000e0000000, 0x0000000100000000)
  region size 1024K, 4 young (4096K), 4 survivors (4096K)
 Metaspace       used 82741K, capacity 85113K, committed 85456K, reserved 329728K
  class space    used 10109K, capacity 10759K, committed 10880K, reserved 253952K
}
Event: 5669.877 GC heap before
{Heap before GC invocations=17 (full 0):
 garbage-first heap   total 262144K, used 209542K [0x00000000e0000000, 0x0000000100000000)
  region size 1024K, 131 young (134144K), 4 survivors (4096K)
 Metaspace       used 83039K, capacity 85433K, committed 85712K, reserved 329728K
  class space    used 10109K, capacity 10759K, committed 10880K, reserved 253952K
}
Event: 5669.881 GC heap after
{Heap after GC invocations=18 (full 0):
 garbage-first heap   total 262144K, used 80127K [0x00000000e0000000, 0x0000000100000000)
  region size 1024K, 4 young (4096K), 4 survivors (4096K)
 Metaspace       used 83039K, capacity 85433K, committed 85712K, reserved 329728K
  class space    used 10109K, capacity 10759K, committed 10880K, reserved 253952K
}
Event: 6901.703 GC heap before
{Heap before GC invocations=18 (full 0):
 garbage-first heap   total 262144K, used 212223K [0x00000000e0000000, 0x0000000100000000)
  region size 1024K, 134 young (137216K), 4 survivors (4096K)
 Metaspace       used 83183K, capacity 85498K, committed 85712K, reserved 329728K
  class space    used 10110K, capacity 10759K, committed 10880K, reserved 253952K
}
Event: 6901.706 GC heap after
{Heap after GC invocations=19 (full 0):
 garbage-first heap   total 262144K, used 79205K [0x00000000e0000000, 0x0000000100000000)
  region size 1024K, 3 young (3072K), 3 survivors (3072K)
 Metaspace       used 83183K, capacity 85498K, committed 85712K, reserved 329728K
  class space    used 10110K, capacity 10759K, committed 10880K, reserved 253952K
}
Event: 7938.809 GC heap before
{Heap before GC invocations=19 (full 0):
 garbage-first heap   total 262144K, used 214373K [0x00000000e0000000, 0x0000000100000000)
  region size 1024K, 136 young (139264K), 3 survivors (3072K)
 Metaspace       used 83351K, capacity 85690K, committed 85968K, reserved 329728K
  class space    used 10111K, capacity 10759K, committed 10880K, reserved 253952K
}
Event: 7938.814 GC heap after
{Heap after GC invocations=20 (full 0):
 garbage-first heap   total 262144K, used 80397K [0x00000000e0000000, 0x0000000100000000)
  region size 1024K, 4 young (4096K), 4 survivors (4096K)
 Metaspace       used 83351K, capacity 85690K, committed 85968K, reserved 329728K
  class space    used 10111K, capacity 10759K, committed 10880K, reserved 253952K
}

Deoptimization events (20 events):
Event: 7584.020 Thread 0x000001bd3180e470 DEOPT PACKING pc=0x000001bd1da28f76 sp=0x00000007369fb890
Event: 7584.020 Thread 0x000001bd3180e470 DEOPT UNPACKING pc=0x000001bd1b68df3f sp=0x00000007369fad90 mode 0
Event: 7584.191 Thread 0x000001bd3180e470 Uncommon trap: trap_request=0xffffffde fr.pc=0x000001bd239a6480 relative=0x0000000000000b40
Event: 7584.191 Thread 0x000001bd3180e470 Uncommon trap: reason=class_check action=maybe_recompile pc=0x000001bd239a6480 method=com.sun.tools.javac.code.Type$StructuralTypeMapping.visitForAll(Lcom/sun/tools/javac/code/Type$ForAll;Ljava/lang/Object;)Lcom/sun/tools/javac/code/Type; @ 9 c2
Event: 7584.191 Thread 0x000001bd3180e470 DEOPT PACKING pc=0x000001bd239a6480 sp=0x00000007369f9670
Event: 7584.191 Thread 0x000001bd3180e470 DEOPT UNPACKING pc=0x000001bd1b68e12f sp=0x00000007369f93a0 mode 2
Event: 7584.192 Thread 0x000001bd3180e470 Uncommon trap: trap_request=0xffffffde fr.pc=0x000001bd234fae00 relative=0x0000000000000ac0
Event: 7584.192 Thread 0x000001bd3180e470 Uncommon trap: reason=class_check action=maybe_recompile pc=0x000001bd234fae00 method=java.util.HashMap.removeNode(ILjava/lang/Object;Ljava/lang/Object;ZZ)Ljava/util/HashMap$Node; @ 143 c2
Event: 7584.192 Thread 0x000001bd3180e470 DEOPT PACKING pc=0x000001bd234fae00 sp=0x00000007369f9a80
Event: 7584.192 Thread 0x000001bd3180e470 DEOPT UNPACKING pc=0x000001bd1b68e12f sp=0x00000007369f9a08 mode 2
Event: 7938.757 Thread 0x000001bd31f00930 Uncommon trap: trap_request=0xffffffde fr.pc=0x000001bd239a6480 relative=0x0000000000000b40
Event: 7938.757 Thread 0x000001bd31f00930 Uncommon trap: reason=class_check action=maybe_recompile pc=0x000001bd239a6480 method=com.sun.tools.javac.code.Type$StructuralTypeMapping.visitForAll(Lcom/sun/tools/javac/code/Type$ForAll;Ljava/lang/Object;)Lcom/sun/tools/javac/code/Type; @ 9 c2
Event: 7938.757 Thread 0x000001bd31f00930 DEOPT PACKING pc=0x000001bd239a6480 sp=0x00000007369f9510
Event: 7938.757 Thread 0x000001bd31f00930 DEOPT UNPACKING pc=0x000001bd1b68e12f sp=0x00000007369f9240 mode 2
Event: 8757.339 Thread 0x000001bd31f00930 DEOPT PACKING pc=0x000001bd1da28f76 sp=0x00000007369fb6a0
Event: 8757.339 Thread 0x000001bd31f00930 DEOPT UNPACKING pc=0x000001bd1b68df3f sp=0x00000007369faba0 mode 0
Event: 8757.502 Thread 0x000001bd31f00930 Uncommon trap: trap_request=0xffffff45 fr.pc=0x000001bd23c69738 relative=0x0000000000000578
Event: 8757.502 Thread 0x000001bd31f00930 Uncommon trap: reason=unstable_if action=reinterpret pc=0x000001bd23c69738 method=java.util.HashMap.removeNode(ILjava/lang/Object;Ljava/lang/Object;ZZ)Ljava/util/HashMap$Node; @ 71 c2
Event: 8757.502 Thread 0x000001bd31f00930 DEOPT PACKING pc=0x000001bd23c69738 sp=0x00000007369f98a0
Event: 8757.502 Thread 0x000001bd31f00930 DEOPT UNPACKING pc=0x000001bd1b68e12f sp=0x00000007369f9840 mode 2

Classes unloaded (20 events):
Event: 1231.739 Thread 0x000001bd2ee047a0 Unloading class 0x0000000800c95440 'java/lang/invoke/LambdaForm$MH+0x0000000800c95440'
Event: 1231.739 Thread 0x000001bd2ee047a0 Unloading class 0x0000000800c95040 'java/lang/invoke/LambdaForm$BMH+0x0000000800c95040'
Event: 1231.739 Thread 0x000001bd2ee047a0 Unloading class 0x0000000800c96040 'java/lang/invoke/LambdaForm$MH+0x0000000800c96040'
Event: 1231.739 Thread 0x000001bd2ee047a0 Unloading class 0x0000000800c96c40 'java/lang/invoke/LambdaForm$MH+0x0000000800c96c40'
Event: 1231.739 Thread 0x000001bd2ee047a0 Unloading class 0x0000000800c96840 'java/lang/invoke/LambdaForm$MH+0x0000000800c96840'
Event: 1231.739 Thread 0x000001bd2ee047a0 Unloading class 0x0000000800c97440 'java/lang/invoke/LambdaForm$MH+0x0000000800c97440'
Event: 1231.739 Thread 0x000001bd2ee047a0 Unloading class 0x0000000800c97c40 'java/lang/invoke/LambdaForm$MH+0x0000000800c97c40'
Event: 1231.739 Thread 0x000001bd2ee047a0 Unloading class 0x0000000800c58040 'java/lang/invoke/LambdaForm$DMH+0x0000000800c58040'
Event: 1231.739 Thread 0x000001bd2ee047a0 Unloading class 0x0000000800c08840 'java/lang/invoke/LambdaForm$DMH+0x0000000800c08840'
Event: 1231.739 Thread 0x000001bd2ee047a0 Unloading class 0x0000000800c09840 'java/lang/invoke/LambdaForm$MH+0x0000000800c09840'
Event: 1231.739 Thread 0x000001bd2ee047a0 Unloading class 0x0000000800c0a440 'java/lang/invoke/LambdaForm$MH+0x0000000800c0a440'
Event: 1231.739 Thread 0x000001bd2ee047a0 Unloading class 0x0000000800c0a040 'java/lang/invoke/LambdaForm$MH+0x0000000800c0a040'
Event: 1231.739 Thread 0x000001bd2ee047a0 Unloading class 0x0000000800c0a840 'java/lang/invoke/LambdaForm$MH+0x0000000800c0a840'
Event: 1231.739 Thread 0x000001bd2ee047a0 Unloading class 0x0000000800c0c040 'java/lang/invoke/LambdaForm$MH+0x0000000800c0c040'
Event: 1231.739 Thread 0x000001bd2ee047a0 Unloading class 0x0000000800c0d440 'java/lang/invoke/LambdaForm$MH+0x0000000800c0d440'
Event: 1231.739 Thread 0x000001bd2ee047a0 Unloading class 0x0000000800c0dc40 'java/lang/invoke/LambdaForm$MH+0x0000000800c0dc40'
Event: 1231.739 Thread 0x000001bd2ee047a0 Unloading class 0x0000000800c0d840 'java/lang/invoke/LambdaForm$MH+0x0000000800c0d840'
Event: 1231.739 Thread 0x000001bd2ee047a0 Unloading class 0x0000000800c0e440 'java/lang/invoke/LambdaForm$MH+0x0000000800c0e440'
Event: 1231.739 Thread 0x000001bd2ee047a0 Unloading class 0x0000000800c0e040 'java/lang/invoke/LambdaForm$MH+0x0000000800c0e040'
Event: 1231.739 Thread 0x000001bd2ee047a0 Unloading class 0x0000000800c0e840 'java/lang/invoke/LambdaForm$MH+0x0000000800c0e840'

Classes redefined (0 events):
No events

Internal exceptions (20 events):
Event: 8757.483 Thread 0x000001bd31f00930 Exception <a 'sun/nio/fs/WindowsException'{0x00000000ecc8e8a8}> (0x00000000ecc8e8a8) 
thrown [./open/src/hotspot/share/prims/jni.cpp, line 578]
Event: 8757.483 Thread 0x000001bd31f00930 Exception <a 'sun/nio/fs/WindowsException'{0x00000000ecc92d88}> (0x00000000ecc92d88) 
thrown [./open/src/hotspot/share/prims/jni.cpp, line 578]
Event: 8757.483 Thread 0x000001bd31f00930 Exception <a 'sun/nio/fs/WindowsException'{0x00000000ecc930a8}> (0x00000000ecc930a8) 
thrown [./open/src/hotspot/share/prims/jni.cpp, line 578]
Event: 8757.483 Thread 0x000001bd31f00930 Exception <a 'sun/nio/fs/WindowsException'{0x00000000ecc9e658}> (0x00000000ecc9e658) 
thrown [./open/src/hotspot/share/prims/jni.cpp, line 578]
Event: 8757.483 Thread 0x000001bd31f00930 Exception <a 'sun/nio/fs/WindowsException'{0x00000000ecc9e9a0}> (0x00000000ecc9e9a0) 
thrown [./open/src/hotspot/share/prims/jni.cpp, line 578]
Event: 8757.483 Thread 0x000001bd31f00930 Exception <a 'sun/nio/fs/WindowsException'{0x00000000eccb33d8}> (0x00000000eccb33d8) 
thrown [./open/src/hotspot/share/prims/jni.cpp, line 578]
Event: 8757.483 Thread 0x000001bd31f00930 Exception <a 'sun/nio/fs/WindowsException'{0x00000000eccb36c8}> (0x00000000eccb36c8) 
thrown [./open/src/hotspot/share/prims/jni.cpp, line 578]
Event: 8757.484 Thread 0x000001bd31f00930 Exception <a 'sun/nio/fs/WindowsException'{0x00000000eccf1628}> (0x00000000eccf1628) 
thrown [./open/src/hotspot/share/prims/jni.cpp, line 578]
Event: 8757.484 Thread 0x000001bd31f00930 Exception <a 'sun/nio/fs/WindowsException'{0x00000000eccf1918}> (0x00000000eccf1918) 
thrown [./open/src/hotspot/share/prims/jni.cpp, line 578]
Event: 8757.484 Thread 0x000001bd31f00930 Exception <a 'sun/nio/fs/WindowsException'{0x00000000ecb0d360}> (0x00000000ecb0d360) 
thrown [./open/src/hotspot/share/prims/jni.cpp, line 578]
Event: 8757.484 Thread 0x000001bd31f00930 Exception <a 'sun/nio/fs/WindowsException'{0x00000000ecb0d640}> (0x00000000ecb0d640) 
thrown [./open/src/hotspot/share/prims/jni.cpp, line 578]
Event: 8757.485 Thread 0x000001bd31f00930 Exception <a 'sun/nio/fs/WindowsException'{0x00000000ecb64fc8}> (0x00000000ecb64fc8) 
thrown [./open/src/hotspot/share/prims/jni.cpp, line 578]
Event: 8757.485 Thread 0x000001bd31f00930 Exception <a 'sun/nio/fs/WindowsException'{0x00000000ecb65298}> (0x00000000ecb65298) 
thrown [./open/src/hotspot/share/prims/jni.cpp, line 578]
Event: 8757.497 Thread 0x000001bd31f00930 Exception <a 'sun/nio/fs/WindowsException'{0x00000000ec6d8208}> (0x00000000ec6d8208) 
thrown [./open/src/hotspot/share/prims/jni.cpp, line 578]
Event: 8757.504 Thread 0x000001bd31f00930 Exception <a 'sun/nio/fs/WindowsException'{0x00000000ec47fe10}> (0x00000000ec47fe10) 
thrown [./open/src/hotspot/share/prims/jni.cpp, line 578]
Event: 8757.504 Thread 0x000001bd31f00930 Exception <a 'sun/nio/fs/WindowsException'{0x00000000ec480190}> (0x00000000ec480190) 
thrown [./open/src/hotspot/share/prims/jni.cpp, line 578]
Event: 8757.521 Thread 0x000001bd31f00930 Exception <a 'sun/nio/fs/WindowsException'{0x00000000ec1fb030}> (0x00000000ec1fb030) 
thrown [./open/src/hotspot/share/prims/jni.cpp, line 578]
Event: 8757.521 Thread 0x000001bd31f00930 Exception <a 'sun/nio/fs/WindowsException'{0x00000000ec1fb378}> (0x00000000ec1fb378) 
thrown [./open/src/hotspot/share/prims/jni.cpp, line 578]
Event: 8757.526 Thread 0x000001bd31f00930 Exception <a 'sun/nio/fs/WindowsException'{0x00000000ec088f58}> (0x00000000ec088f58) 
thrown [./open/src/hotspot/share/prims/jni.cpp, line 578]
Event: 8757.530 Thread 0x000001bd31f00930 Exception <a 'sun/nio/fs/WindowsException'{0x00000000ec0c5c40}> (0x00000000ec0c5c40) 
thrown [./open/src/hotspot/share/prims/jni.cpp, line 578]

Events (20 events):
Event: 8757.300 Thread 0x000001bd3180bdf0 Thread added: 0x000001bd3180bdf0
Event: 8757.300 Thread 0x000001bd3180dfa0 Thread added: 0x000001bd3180dfa0
Event: 8757.303 Thread 0x000001bd3180e470 Thread added: 0x000001bd3180e470
Event: 8757.326 Thread 0x000001bd31809770 Thread added: 0x000001bd31809770
Event: 8757.326 Thread 0x000001bd3180e940 Thread added: 0x000001bd3180e940
Event: 8757.326 Thread 0x000001bd3180c790 Thread added: 0x000001bd3180c790
Event: 8757.326 Thread 0x000001bd3180ee10 Thread added: 0x000001bd3180ee10
Event: 8757.326 Thread 0x000001bd3180a110 Thread added: 0x000001bd3180a110
Event: 8757.326 Thread 0x000001bd3180cc60 Thread added: 0x000001bd3180cc60
Event: 8757.327 Thread 0x000001bd31808430 Thread added: 0x000001bd31808430
Event: 8757.327 Thread 0x000001bd3180a5e0 Thread added: 0x000001bd3180a5e0
Event: 8757.334 Thread 0x000001bd317532d0 Thread added: 0x000001bd317532d0
Event: 8757.337 Thread 0x000001bd3180aab0 Thread added: 0x000001bd3180aab0
Event: 8757.493 Thread 0x000001bd317532d0 Thread exited: 0x000001bd317532d0
Event: 8757.524 Thread 0x000001bd32cabff0 Thread added: 0x000001bd32cabff0
Event: 8757.559 Thread 0x000001bd3180dad0 Thread added: 0x000001bd3180dad0
Event: 8757.562 Thread 0x000001bd3180d130 Thread added: 0x000001bd3180d130
Event: 8757.563 Thread 0x000001bd31808900 Thread added: 0x000001bd31808900
Event: 8757.563 Thread 0x000001bd3180d600 Thread added: 0x000001bd3180d600
Event: 8757.563 Thread 0x000001bd31808dd0 Thread added: 0x000001bd31808dd0


Dynamic libraries:
0x00007ff75c4d0000 - 0x00007ff75c4df000 	C:\Program Files\Java\jdk-15\bin\java.exe
0x00007ffeb4d80000 - 0x00007ffeb4f70000 	C:\WINDOWS\SYSTEM32\ntdll.dll
0x00007ffeb4660000 - 0x00007ffeb4712000 	C:\WINDOWS\System32\KERNEL32.DLL
0x00007ffeb2b60000 - 0x00007ffeb2e03000 	C:\WINDOWS\System32\KERNELBASE.dll
0x00007ffeb29c0000 - 0x00007ffeb2aba000 	C:\WINDOWS\System32\ucrtbase.dll
0x00007ffeaa9d0000 - 0x00007ffeaa9e8000 	C:\Program Files\Java\jdk-15\bin\jli.dll
0x00007ffea0370000 - 0x00007ffea0389000 	C:\Program Files\Java\jdk-15\bin\VCRUNTIME140.dll
0x00007ffeb4c30000 - 0x00007ffeb4cd3000 	C:\WINDOWS\System32\ADVAPI32.dll
0x00007ffeb4400000 - 0x00007ffeb449e000 	C:\WINDOWS\System32\msvcrt.dll
0x00007ffeb4910000 - 0x00007ffeb49a7000 	C:\WINDOWS\System32\sechost.dll
0x00007ffeb42e0000 - 0x00007ffeb4400000 	C:\WINDOWS\System32\RPCRT4.dll
0x00007ffeb40b0000 - 0x00007ffeb4244000 	C:\WINDOWS\System32\USER32.dll
0x00007ffeb1f40000 - 0x00007ffeb1f61000 	C:\WINDOWS\System32\win32u.dll
0x00007ffea00e0000 - 0x00007ffea0365000 	C:\WINDOWS\WinSxS\amd64_microsoft.windows.common-controls_6595b64144ccf1df_6.0.18362.720_none_e6beb5c51314836b\COMCTL32.dll
0x00007ffeb48e0000 - 0x00007ffeb4906000 	C:\WINDOWS\System32\GDI32.dll
0x00007ffeb3b80000 - 0x00007ffeb3eb6000 	C:\WINDOWS\System32\combase.dll
0x00007ffeb2020000 - 0x00007ffeb21b4000 	C:\WINDOWS\System32\gdi32full.dll
0x00007ffeb2ac0000 - 0x00007ffeb2b5e000 	C:\WINDOWS\System32\msvcp_win.dll
0x00007ffeb21c0000 - 0x00007ffeb2240000 	C:\WINDOWS\System32\bcryptPrimitives.dll
0x00007ffeac980000 - 0x00007ffeac98a000 	C:\WINDOWS\SYSTEM32\VERSION.dll
0x00007ffeb47a0000 - 0x00007ffeb47ce000 	C:\WINDOWS\System32\IMM32.DLL
0x00007ffeaaaa0000 - 0x00007ffeaaaac000 	C:\Program Files\Java\jdk-15\bin\vcruntime140_1.dll
0x00007ffe630c0000 - 0x00007ffe63151000 	C:\Program Files\Java\jdk-15\bin\msvcp140.dll
0x00007ffe5d150000 - 0x00007ffe5dcac000 	C:\Program Files\Java\jdk-15\bin\server\jvm.dll
0x00007ffeb2f60000 - 0x00007ffeb2f68000 	C:\WINDOWS\System32\PSAPI.DLL
0x00007ffeaa8e0000 - 0x00007ffeaa8e9000 	C:\WINDOWS\SYSTEM32\WSOCK32.dll
0x00007ffeaf850000 - 0x00007ffeaf874000 	C:\WINDOWS\SYSTEM32\WINMM.dll
0x00007ffeb4730000 - 0x00007ffeb479f000 	C:\WINDOWS\System32\WS2_32.dll
0x00007ffeaf820000 - 0x00007ffeaf84d000 	C:\WINDOWS\SYSTEM32\winmmbase.dll
0x00007ffeb1f70000 - 0x00007ffeb1fba000 	C:\WINDOWS\System32\cfgmgr32.dll
0x00007ffeb1c50000 - 0x00007ffeb1c61000 	C:\WINDOWS\System32\kernel.appcore.dll
0x00007ffea6160000 - 0x00007ffea616a000 	C:\Program Files\Java\jdk-15\bin\jimage.dll
0x00007ffead8b0000 - 0x00007ffeadaa4000 	C:\WINDOWS\SYSTEM32\DBGHELP.DLL
0x00007ffea4010000 - 0x00007ffea403a000 	C:\WINDOWS\SYSTEM32\dbgcore.DLL
0x00007ffe9ec90000 - 0x00007ffe9ecb5000 	C:\Program Files\Java\jdk-15\bin\java.dll
0x00007ffeb2f70000 - 0x00007ffeb3655000 	C:\WINDOWS\System32\SHELL32.dll
0x00007ffeb3660000 - 0x00007ffeb3709000 	C:\WINDOWS\System32\shcore.dll
0x00007ffeb2240000 - 0x00007ffeb29c0000 	C:\WINDOWS\System32\windows.storage.dll
0x00007ffeb1ce0000 - 0x00007ffeb1d03000 	C:\WINDOWS\System32\profapi.dll
0x00007ffeb1c70000 - 0x00007ffeb1cba000 	C:\WINDOWS\System32\powrprof.dll
0x00007ffeb1c40000 - 0x00007ffeb1c50000 	C:\WINDOWS\System32\UMPDC.dll
0x00007ffeb4600000 - 0x00007ffeb4652000 	C:\WINDOWS\System32\shlwapi.dll
0x00007ffeb2e10000 - 0x00007ffeb2e27000 	C:\WINDOWS\System32\cryptsp.dll
0x00007ffe9ef90000 - 0x00007ffe9efa9000 	C:\Program Files\Java\jdk-15\bin\net.dll
0x00007ffeaa460000 - 0x00007ffeaa551000 	C:\WINDOWS\SYSTEM32\WINHTTP.dll
0x00007ffeb1450000 - 0x00007ffeb14b7000 	C:\WINDOWS\system32\mswsock.dll
0x00007ffe9cc30000 - 0x00007ffe9cc42000 	C:\Program Files\Java\jdk-15\bin\nio.dll
0x00007ffe98cd0000 - 0x00007ffe98ce8000 	C:\Program Files\Java\jdk-15\bin\zip.dll
0x00007ffea5fe0000 - 0x00007ffea5ff0000 	C:\Program Files\Java\jdk-15\bin\verify.dll
0x00007ffe9cb00000 - 0x00007ffe9cb26000 	C:\Users\Konstantin\.gradle\native\fdc75f09e3144964f2cf3f50f0aa648679c211496f362492102eb8c894070792\windows-amd64\native-platform.dll
0x00007ffe60720000 - 0x00007ffe608b1000 	C:\Users\Konstantin\.gradle\native\12488b8bf47d2d4c9fbf2f6322a914ad602e24e48041cd04a747c6da556b65c4\windows-amd64\native-platform-file-events.dll
0x00007ffea3610000 - 0x00007ffea3619000 	C:\Program Files\Java\jdk-15\bin\management.dll
0x00007ffe9ec80000 - 0x00007ffe9ec8b000 	C:\Program Files\Java\jdk-15\bin\management_ext.dll
0x00007ffeb0fc0000 - 0x00007ffeb0ff3000 	C:\WINDOWS\system32\rsaenh.dll
0x00007ffeb1e60000 - 0x00007ffeb1e86000 	C:\WINDOWS\System32\bcrypt.dll
0x00007ffeb1b60000 - 0x00007ffeb1b85000 	C:\WINDOWS\SYSTEM32\USERENV.dll
0x00007ffeb1620000 - 0x00007ffeb162c000 	C:\WINDOWS\SYSTEM32\CRYPTBASE.dll
0x00007ffeb1160000 - 0x00007ffeb119a000 	C:\WINDOWS\SYSTEM32\IPHLPAPI.DLL
0x00007ffeb48d0000 - 0x00007ffeb48d8000 	C:\WINDOWS\System32\NSI.dll
0x00007ffeabc10000 - 0x00007ffeabc26000 	C:\WINDOWS\SYSTEM32\dhcpcsvc6.DLL
0x00007ffeac450000 - 0x00007ffeac46c000 	C:\WINDOWS\SYSTEM32\dhcpcsvc.DLL
0x00007ffeb11a0000 - 0x00007ffeb126a000 	C:\WINDOWS\SYSTEM32\DNSAPI.dll
0x00007ffeaca10000 - 0x00007ffeaca1b000 	C:\WINDOWS\SYSTEM32\WINNSI.DLL
0x00007ffeafdf0000 - 0x00007ffeafdfd000 	C:\Program Files\Java\jdk-15\bin\sunmscapi.dll
0x00007ffeb1d10000 - 0x00007ffeb1e59000 	C:\WINDOWS\System32\CRYPT32.dll
0x00007ffeb1cc0000 - 0x00007ffeb1cd2000 	C:\WINDOWS\System32\MSASN1.dll
0x00007ffeb1780000 - 0x00007ffeb17a6000 	C:\WINDOWS\SYSTEM32\ncrypt.dll
0x00007ffeb1740000 - 0x00007ffeb177b000 	C:\WINDOWS\SYSTEM32\NTASN1.dll
0x00007ffea9f70000 - 0x00007ffea9f7a000 	C:\Windows\System32\rasadhlp.dll
0x00007ffeabb30000 - 0x00007ffeabba7000 	C:\WINDOWS\System32\fwpuclnt.dll

dbghelp: loaded successfully - version: 4.0.5 - missing functions: none
symbol engine: initialized successfully - sym options: 0x614 - pdb path: .;C:\Program Files\Java\jdk-15\bin;C:\WINDOWS\SYSTEM32;C:\WINDOWS\WinSxS\amd64_microsoft.windows.common-controls_6595b64144ccf1df_6.0.18362.720_none_e6beb5c51314836b;C:\Program Files\Java\jdk-15\bin\server;C:\Users\Konstantin\.gradle\native\fdc75f09e3144964f2cf3f50f0aa648679c211496f362492102eb8c894070792\windows-amd64;C:\Users\Konstantin\.gradle\native\12488b8bf47d2d4c9fbf2f6322a914ad602e24e48041cd04a747c6da556b65c4\windows-amd64

VM Arguments:
jvm_args: --add-opens=java.base/java.util=ALL-UNNAMED --add-opens=java.base/java.lang=ALL-UNNAMED --add-opens=java.base/java.lang.invoke=ALL-UNNAMED --add-opens=java.prefs/java.util.prefs=ALL-UNNAMED -XX:MaxMetaspaceSize=256m -XX:+HeapDumpOnOutOfMemoryError -Xms256m -Xmx512m -Dfile.encoding=windows-1251 -Duser.country=RU -Duser.language=ru -Duser.variant 
java_command: org.gradle.launcher.daemon.bootstrap.GradleDaemon 6.7
java_class_path (initial): C:\Users\Konstantin\.gradle\wrapper\dists\gradle-6.7-bin\efvqh8uyq79v2n7rcncuhu9sv\gradle-6.7\lib\gradle-launcher-6.7.jar
Launcher Type: SUN_STANDARD

[Global flags]
     intx CICompilerCount                          = 4                                         {product} {ergonomic}
   size_t CompressedClassSpaceSize                 = 260046848                                 {product} {ergonomic}
     uint ConcGCThreads                            = 2                                         {product} {ergonomic}
     uint G1ConcRefinementThreads                  = 8                                         {product} {ergonomic}
   size_t G1HeapRegionSize                         = 1048576                                   {product} {ergonomic}
    uintx GCDrainStackTargetSize                   = 64                                        {product} {ergonomic}
     bool HeapDumpOnOutOfMemoryError               = true                                   {manageable} {command line}
   size_t InitialHeapSize                          = 268435456                                 {product} {command line}
   size_t MarkStackSize                            = 4194304                                   {product} {ergonomic}
   size_t MaxHeapSize                              = 536870912                                 {product} {command line}
   size_t MaxMetaspaceSize                         = 268435456                                 {product} {command line}
   size_t MaxNewSize                               = 321912832                                 {product} {ergonomic}
   size_t MinHeapDeltaBytes                        = 1048576                                   {product} {ergonomic}
   size_t MinHeapSize                              = 268435456                                 {product} {command line}
    uintx NonNMethodCodeHeapSize                   = 5839372                                {pd product} {ergonomic}
    uintx NonProfiledCodeHeapSize                  = 122909434                              {pd product} {ergonomic}
    uintx ProfiledCodeHeapSize                     = 122909434                              {pd product} {ergonomic}
    uintx ReservedCodeCacheSize                    = 251658240                              {pd product} {ergonomic}
     bool SegmentedCodeCache                       = true                                      {product} {ergonomic}
   size_t SoftMaxHeapSize                          = 536870912                              {manageable} {ergonomic}
     bool UseCompressedClassPointers               = true                                 {lp64_product} {ergonomic}
     bool UseCompressedOops                        = true                                 {lp64_product} {ergonomic}
     bool UseG1GC                                  = true                                      {product} {ergonomic}
     bool UseLargePagesIndividualAllocation        = false                                  {pd product} {ergonomic}

Logging:
Log output configuration:
 #0: stdout all=warning uptime,level,tags
 #1: stderr all=off uptime,level,tags

Environment Variables:
JAVA_HOME=C:\Program Files\Java\jdk-15
PATH=C:\Program Files\Common Files\Oracle\Java\javapath;C:\WINDOWS\system32;C:\WINDOWS;C:\WINDOWS\System32\Wbem;C:\WINDOWS\System32\WindowsPowerShell\v1.0\;C:\WINDOWS\System32\OpenSSH\;C:\Program Files\Java\jdk-15\bin;C:\Program Files\Git\cmd;C:\Program Files\Microsoft VS Code\bin;C:\Program Files (x86)\NVIDIA Corporation\PhysX\Common;C:\WINDOWS\system32;C:\WINDOWS;C:\WINDOWS\System32\Wbem;C:\WINDOWS\System32\WindowsPowerShell\v1.0\;C:\WINDOWS\System32\OpenSSH\;C:\Program Files (x86)\NVIDIA Corporation\PhysX\Common;C:\Windows\system32;C:\Windows;C:\Windows\System32\Wbem;C:\Windows\System32\WindowsPowerShell\v1.0\;C:\Users\Konstantin\AppData\Local\Microsoft\WindowsApps;C:\Program Files\JetBrains\IntelliJ IDEA Community Edition 2020.2.1\bin;
USERNAME=Konstantin
OS=Windows_NT
PROCESSOR_IDENTIFIER=AMD64 Family 21 Model 2 Stepping 0, AuthenticAMD



---------------  S Y S T E M  ---------------

OS:
 Windows 10 , 64 bit Build 18362 (10.0.18362.329)
OS uptime: 1 days 4:04 hours

CPU: total 8 (initial active 8) (8 cores per cpu, 1 threads per core) family 21 model 2 stepping 0, cmov, cx8, fxsr, mmx, sse, sse2, sse3, ssse3, sse4.1, sse4.2, popcnt, vzeroupper, avx, aes, clmul, 3dnowpref, lzcnt, sse4a, tsc, tscinvbit, tscinv, bmi1, fma, clflush

Memory: 4k page, system-wide physical 8105M (1278M free)
TotalPageFile size 16297M (AvailPageFile size 209M)
current process WorkingSet (physical memory assigned to process): 339M, peak: 475M
current process commit charge ("private bytes"): 569M, peak: 572M

vm_info: Java HotSpot(TM) 64-Bit Server VM (15+36-1562) for windows-amd64 JRE (15+36-1562), built on Aug 11 2020 22:38:02 by "mach5one" with unknown MS VC++:1925

END.
